2024-11-22 09:47:59 - INFO - This is an info log message.
2024-11-22 09:47:59 - ERROR - This is an error log message.
2024-11-22 09:47:59 - INFO - Scheduler started.
2024-11-22 09:48:59 - INFO - scheduled_equipment started.
2024-11-22 14:23:10 - INFO - This is an info log message.
2024-11-22 14:23:10 - ERROR - This is an error log message.
2024-11-22 14:23:10 - INFO - Scheduler started.
2024-11-22 14:23:35 - INFO - This is an info log message.
2024-11-22 14:23:35 - ERROR - This is an error log message.
2024-11-22 14:23:35 - INFO - Scheduler started.
2024-11-22 14:24:36 - INFO - scheduled_equipment started.
2024-11-22 14:25:04 - INFO - This is an info log message.
2024-11-22 14:25:04 - ERROR - This is an error log message.
2024-11-22 14:25:04 - INFO - Scheduler started.
2024-11-22 14:26:04 - INFO - scheduled_equipment started.
2024-11-22 14:26:04 - INFO - Inserting into the equipment table
2024-11-22 14:26:04 - INFO - scheduled_equipment end
2024-11-22 14:26:04 - INFO - scheduled_energy_summary started.
2024-11-22 14:26:04 - INFO - Inserting record into EnergySummary
2024-11-22 14:26:04 - INFO - scheduled_energy_summary end
2024-11-22 14:27:04 - INFO - scheduled_equipment started.
2024-11-22 14:27:04 - INFO - Inserting into the equipment table
2024-11-22 14:27:04 - INFO - scheduled_equipment end
2024-11-22 14:27:04 - INFO - scheduled_energy_summary started.
2024-11-22 14:27:04 - INFO - Inserting record into EnergySummary
2024-11-22 14:27:04 - INFO - scheduled_energy_summary end
2024-11-22 14:28:04 - INFO - scheduled_equipment started.
2024-11-22 14:28:04 - INFO - Inserting into the equipment table
2024-11-22 14:28:04 - INFO - scheduled_equipment end
2024-11-22 14:28:04 - INFO - scheduled_energy_summary started.
2024-11-22 14:28:05 - INFO - Inserting record into EnergySummary
2024-11-22 14:28:05 - INFO - scheduled_energy_summary end
2024-11-22 14:29:05 - INFO - scheduled_equipment started.
2024-11-22 14:29:05 - INFO - Inserting into the equipment table
2024-11-22 14:29:05 - INFO - scheduled_equipment end
2024-11-22 14:29:05 - INFO - scheduled_energy_summary started.
2024-11-22 14:29:05 - INFO - Inserting record into EnergySummary
2024-11-22 14:29:05 - INFO - scheduled_energy_summary end
2024-11-22 14:30:05 - INFO - scheduled_equipment started.
2024-11-22 14:30:05 - INFO - Inserting into the equipment table
2024-11-22 14:30:05 - INFO - scheduled_equipment end
2024-11-22 14:30:05 - INFO - scheduled_energy_summary started.
2024-11-22 14:30:05 - INFO - Inserting record into EnergySummary
2024-11-22 14:30:05 - INFO - scheduled_energy_summary end
2024-11-22 14:31:05 - INFO - scheduled_equipment started.
2024-11-22 14:31:05 - INFO - Inserting into the equipment table
2024-11-22 14:31:05 - INFO - scheduled_equipment end
2024-11-22 14:31:05 - INFO - scheduled_energy_summary started.
2024-11-22 14:31:05 - INFO - Inserting record into EnergySummary
2024-11-22 14:31:05 - INFO - scheduled_energy_summary end
2024-11-22 14:32:05 - INFO - scheduled_equipment started.
2024-11-22 14:32:05 - INFO - Inserting into the equipment table
2024-11-22 14:32:05 - INFO - scheduled_equipment end
2024-11-22 14:32:05 - INFO - scheduled_energy_summary started.
2024-11-22 14:32:05 - INFO - Inserting record into EnergySummary
2024-11-22 14:32:05 - INFO - scheduled_energy_summary end
2024-11-22 14:33:05 - INFO - scheduled_equipment started.
2024-11-22 14:33:05 - INFO - Inserting into the equipment table
2024-11-22 14:33:05 - INFO - scheduled_equipment end
2024-11-22 14:33:05 - INFO - scheduled_energy_summary started.
2024-11-22 14:33:05 - INFO - Inserting record into EnergySummary
2024-11-22 14:33:05 - INFO - scheduled_energy_summary end
2024-11-22 14:34:05 - INFO - scheduled_equipment started.
2024-11-22 14:34:05 - INFO - Inserting into the equipment table
2024-11-22 14:34:05 - INFO - scheduled_equipment end
2024-11-22 14:34:05 - INFO - scheduled_energy_summary started.
2024-11-22 14:34:06 - INFO - Inserting record into EnergySummary
2024-11-22 14:34:06 - INFO - scheduled_energy_summary end
2024-11-22 14:35:06 - INFO - scheduled_equipment started.
2024-11-22 14:35:06 - INFO - Inserting into the equipment table
2024-11-22 14:35:06 - INFO - scheduled_equipment end
2024-11-22 14:35:06 - INFO - scheduled_energy_summary started.
2024-11-22 14:35:06 - INFO - Inserting record into EnergySummary
2024-11-22 14:35:06 - INFO - scheduled_energy_summary end
2024-11-22 14:36:06 - INFO - scheduled_equipment started.
2024-11-22 14:36:06 - INFO - Inserting into the equipment table
2024-11-22 14:36:06 - INFO - scheduled_equipment end
2024-11-22 14:36:06 - INFO - scheduled_energy_summary started.
2024-11-22 14:36:06 - INFO - Inserting record into EnergySummary
2024-11-22 14:36:06 - INFO - scheduled_energy_summary end
2024-11-22 14:37:06 - INFO - scheduled_equipment started.
2024-11-22 14:37:06 - INFO - Inserting into the equipment table
2024-11-22 14:37:06 - INFO - scheduled_equipment end
2024-11-22 14:37:06 - INFO - scheduled_energy_summary started.
2024-11-22 14:37:06 - INFO - Inserting record into EnergySummary
2024-11-22 14:37:06 - INFO - scheduled_energy_summary end
2024-11-22 14:38:06 - INFO - scheduled_equipment started.
2024-11-22 14:38:06 - INFO - Inserting into the equipment table
2024-11-22 14:38:06 - INFO - scheduled_equipment end
2024-11-22 14:38:06 - INFO - scheduled_energy_summary started.
2024-11-22 14:38:06 - INFO - Inserting record into EnergySummary
2024-11-22 14:38:06 - INFO - scheduled_energy_summary end
2024-11-22 14:39:06 - INFO - scheduled_equipment started.
2024-11-22 14:39:06 - INFO - Inserting into the equipment table
2024-11-22 14:39:06 - INFO - scheduled_equipment end
2024-11-22 14:39:06 - INFO - scheduled_energy_summary started.
2024-11-22 14:39:06 - INFO - Inserting record into EnergySummary
2024-11-22 14:39:06 - INFO - scheduled_energy_summary end
2024-11-22 14:40:06 - INFO - scheduled_equipment started.
2024-11-22 14:40:06 - INFO - Inserting into the equipment table
2024-11-22 14:40:06 - INFO - scheduled_equipment end
2024-11-22 14:40:06 - INFO - scheduled_energy_summary started.
2024-11-22 14:40:06 - INFO - Inserting record into EnergySummary
2024-11-22 14:40:06 - INFO - scheduled_energy_summary end
2024-11-22 14:41:06 - INFO - scheduled_equipment started.
2024-11-22 14:41:06 - INFO - Inserting into the equipment table
2024-11-22 14:41:06 - INFO - scheduled_equipment end
2024-11-22 14:41:06 - INFO - scheduled_energy_summary started.
2024-11-22 14:41:07 - INFO - Inserting record into EnergySummary
2024-11-22 14:41:07 - INFO - scheduled_energy_summary end
2024-11-22 14:42:07 - INFO - scheduled_equipment started.
2024-11-22 14:42:07 - INFO - Inserting into the equipment table
2024-11-22 14:42:07 - INFO - scheduled_equipment end
2024-11-22 14:42:07 - INFO - scheduled_energy_summary started.
2024-11-22 14:42:07 - INFO - Inserting record into EnergySummary
2024-11-22 14:42:07 - INFO - scheduled_energy_summary end
2024-11-22 14:43:07 - INFO - scheduled_equipment started.
2024-11-22 14:43:07 - INFO - Inserting into the equipment table
2024-11-22 14:43:07 - INFO - scheduled_equipment end
2024-11-22 14:43:07 - INFO - scheduled_energy_summary started.
2024-11-22 14:43:07 - INFO - Inserting record into EnergySummary
2024-11-22 14:43:07 - INFO - scheduled_energy_summary end
2024-11-22 14:44:07 - INFO - scheduled_equipment started.
2024-11-22 14:44:07 - INFO - Inserting into the equipment table
2024-11-22 14:44:07 - INFO - scheduled_equipment end
2024-11-22 14:44:07 - INFO - scheduled_energy_summary started.
2024-11-22 14:44:07 - INFO - Inserting record into EnergySummary
2024-11-22 14:44:07 - INFO - scheduled_energy_summary end
2024-11-22 14:45:07 - INFO - scheduled_equipment started.
2024-11-22 14:45:07 - INFO - Inserting into the equipment table
2024-11-22 14:45:07 - INFO - scheduled_equipment end
2024-11-22 14:45:07 - INFO - scheduled_energy_summary started.
2024-11-22 14:45:07 - INFO - Inserting record into EnergySummary
2024-11-22 14:45:07 - INFO - scheduled_energy_summary end
2024-11-22 14:46:07 - INFO - scheduled_equipment started.
2024-11-22 14:46:07 - INFO - Inserting into the equipment table
2024-11-22 14:46:07 - INFO - scheduled_equipment end
2024-11-22 14:46:07 - INFO - scheduled_energy_summary started.
2024-11-22 14:46:07 - INFO - Inserting record into EnergySummary
2024-11-22 14:46:07 - INFO - scheduled_energy_summary end
2024-11-22 14:47:07 - INFO - scheduled_equipment started.
2024-11-22 14:47:07 - INFO - Inserting into the equipment table
2024-11-22 14:47:07 - INFO - scheduled_equipment end
2024-11-22 14:47:07 - INFO - scheduled_energy_summary started.
2024-11-22 14:47:08 - INFO - Inserting record into EnergySummary
2024-11-22 14:47:08 - INFO - scheduled_energy_summary end
2024-11-22 14:48:08 - INFO - scheduled_equipment started.
2024-11-22 14:48:08 - INFO - Inserting into the equipment table
2024-11-22 14:48:08 - INFO - scheduled_equipment end
2024-11-22 14:48:08 - INFO - scheduled_energy_summary started.
2024-11-22 14:48:08 - INFO - Inserting record into EnergySummary
2024-11-22 14:48:08 - INFO - scheduled_energy_summary end
2024-11-22 14:49:08 - INFO - scheduled_equipment started.
2024-11-22 14:49:08 - INFO - Inserting into the equipment table
2024-11-22 14:49:08 - INFO - scheduled_equipment end
2024-11-22 14:49:08 - INFO - scheduled_energy_summary started.
2024-11-22 14:49:08 - INFO - Inserting record into EnergySummary
2024-11-22 14:49:08 - INFO - scheduled_energy_summary end
2024-11-22 14:50:08 - INFO - scheduled_equipment started.
2024-11-22 14:50:08 - INFO - Inserting into the equipment table
2024-11-22 14:50:08 - INFO - scheduled_equipment end
2024-11-22 14:50:08 - INFO - scheduled_energy_summary started.
2024-11-22 14:50:08 - INFO - Inserting record into EnergySummary
2024-11-22 14:50:08 - INFO - scheduled_energy_summary end
2024-11-22 14:51:08 - INFO - scheduled_equipment started.
2024-11-22 14:51:08 - INFO - Inserting into the equipment table
2024-11-22 14:51:08 - INFO - scheduled_equipment end
2024-11-22 14:51:08 - INFO - scheduled_energy_summary started.
2024-11-22 14:51:08 - INFO - Inserting record into EnergySummary
2024-11-22 14:51:08 - INFO - scheduled_energy_summary end
2024-11-22 14:52:08 - INFO - scheduled_equipment started.
2024-11-22 14:52:08 - INFO - Inserting into the equipment table
2024-11-22 14:52:08 - INFO - scheduled_equipment end
2024-11-22 14:52:08 - INFO - scheduled_energy_summary started.
2024-11-22 14:52:08 - INFO - Inserting record into EnergySummary
2024-11-22 14:52:08 - INFO - scheduled_energy_summary end
2024-11-22 14:53:09 - INFO - scheduled_equipment started.
2024-11-22 14:53:09 - INFO - Inserting into the equipment table
2024-11-22 14:53:09 - INFO - scheduled_equipment end
2024-11-22 14:53:09 - INFO - scheduled_energy_summary started.
2024-11-22 14:53:09 - INFO - Inserting record into EnergySummary
2024-11-22 14:53:09 - INFO - scheduled_energy_summary end
2024-11-22 14:54:09 - INFO - scheduled_equipment started.
2024-11-22 14:54:09 - INFO - Inserting into the equipment table
2024-11-22 14:54:09 - INFO - scheduled_equipment end
2024-11-22 14:54:09 - INFO - scheduled_energy_summary started.
2024-11-22 14:54:09 - INFO - Inserting record into EnergySummary
2024-11-22 14:54:09 - INFO - scheduled_energy_summary end
2024-11-22 14:55:09 - INFO - scheduled_equipment started.
2024-11-22 14:55:09 - INFO - Inserting into the equipment table
2024-11-22 14:55:09 - INFO - scheduled_equipment end
2024-11-22 14:55:09 - INFO - scheduled_energy_summary started.
2024-11-22 14:55:09 - INFO - Inserting record into EnergySummary
2024-11-22 14:55:09 - INFO - scheduled_energy_summary end
2024-11-22 14:56:09 - INFO - scheduled_equipment started.
2024-11-22 14:56:09 - INFO - Inserting into the equipment table
2024-11-22 14:56:09 - INFO - scheduled_equipment end
2024-11-22 14:56:09 - INFO - scheduled_energy_summary started.
2024-11-22 14:56:09 - INFO - Inserting record into EnergySummary
2024-11-22 14:56:09 - INFO - scheduled_energy_summary end
2024-11-22 14:57:09 - INFO - scheduled_equipment started.
2024-11-22 14:57:09 - INFO - Inserting into the equipment table
2024-11-22 14:57:09 - INFO - scheduled_equipment end
2024-11-22 14:57:09 - INFO - scheduled_energy_summary started.
2024-11-22 14:57:09 - INFO - Inserting record into EnergySummary
2024-11-22 14:57:09 - INFO - scheduled_energy_summary end
2024-11-22 14:58:09 - INFO - scheduled_equipment started.
2024-11-22 14:58:09 - INFO - Inserting into the equipment table
2024-11-22 14:58:09 - INFO - scheduled_equipment end
2024-11-22 14:58:09 - INFO - scheduled_energy_summary started.
2024-11-22 14:58:09 - INFO - Inserting record into EnergySummary
2024-11-22 14:58:09 - INFO - scheduled_energy_summary end
2024-11-22 14:59:00 - INFO - scheduled_energy_hour started.
2024-11-22 14:59:00 - INFO - scheduled_energy_hour end
2024-11-22 14:59:10 - INFO - scheduled_equipment started.
2024-11-22 14:59:10 - INFO - Inserting into the equipment table
2024-11-22 14:59:10 - INFO - scheduled_equipment end
2024-11-22 14:59:10 - INFO - scheduled_energy_summary started.
2024-11-22 14:59:10 - INFO - Inserting record into EnergySummary
2024-11-22 14:59:10 - INFO - scheduled_energy_summary end
2024-11-22 15:00:10 - INFO - scheduled_equipment started.
2024-11-22 15:00:10 - INFO - Inserting into the equipment table
2024-11-22 15:00:10 - INFO - scheduled_equipment end
2024-11-22 15:00:10 - INFO - scheduled_energy_summary started.
2024-11-22 15:00:10 - INFO - Inserting record into EnergySummary
2024-11-22 15:00:10 - INFO - scheduled_energy_summary end
2024-11-22 15:01:10 - INFO - scheduled_equipment started.
2024-11-22 15:01:10 - INFO - Inserting into the equipment table
2024-11-22 15:01:10 - INFO - scheduled_equipment end
2024-11-22 15:01:10 - INFO - scheduled_energy_summary started.
2024-11-22 15:01:10 - INFO - Inserting record into EnergySummary
2024-11-22 15:01:10 - INFO - scheduled_energy_summary end
2024-11-22 15:02:10 - INFO - scheduled_equipment started.
2024-11-22 15:02:10 - INFO - Inserting into the equipment table
2024-11-22 15:02:10 - INFO - scheduled_equipment end
2024-11-22 15:02:10 - INFO - scheduled_energy_summary started.
2024-11-22 15:02:10 - INFO - Inserting record into EnergySummary
2024-11-22 15:02:10 - INFO - scheduled_energy_summary end
2024-11-22 15:03:10 - INFO - scheduled_equipment started.
2024-11-22 15:03:10 - INFO - Inserting into the equipment table
2024-11-22 15:03:10 - INFO - scheduled_equipment end
2024-11-22 15:03:10 - INFO - scheduled_energy_summary started.
2024-11-22 15:03:10 - INFO - Inserting record into EnergySummary
2024-11-22 15:03:10 - INFO - scheduled_energy_summary end
2024-11-22 15:04:10 - INFO - scheduled_equipment started.
2024-11-22 15:04:11 - INFO - Inserting into the equipment table
2024-11-22 15:04:11 - INFO - scheduled_equipment end
2024-11-22 15:04:11 - INFO - scheduled_energy_summary started.
2024-11-22 15:04:11 - INFO - Inserting record into EnergySummary
2024-11-22 15:04:11 - INFO - scheduled_energy_summary end
2024-11-22 15:05:11 - INFO - scheduled_equipment started.
2024-11-22 15:05:11 - INFO - Inserting into the equipment table
2024-11-22 15:05:11 - INFO - scheduled_equipment end
2024-11-22 15:05:11 - INFO - scheduled_energy_summary started.
2024-11-22 15:05:11 - INFO - Inserting record into EnergySummary
2024-11-22 15:05:11 - INFO - scheduled_energy_summary end
2024-11-22 15:06:11 - INFO - scheduled_equipment started.
2024-11-22 15:06:11 - INFO - Inserting into the equipment table
2024-11-22 15:06:11 - INFO - scheduled_equipment end
2024-11-22 15:06:11 - INFO - scheduled_energy_summary started.
2024-11-22 15:06:11 - INFO - Inserting record into EnergySummary
2024-11-22 15:06:11 - INFO - scheduled_energy_summary end
2024-11-22 15:07:11 - INFO - scheduled_equipment started.
2024-11-22 15:07:11 - INFO - Inserting into the equipment table
2024-11-22 15:07:11 - INFO - scheduled_equipment end
2024-11-22 15:07:11 - INFO - scheduled_energy_summary started.
2024-11-22 15:07:11 - INFO - Inserting record into EnergySummary
2024-11-22 15:07:11 - INFO - scheduled_energy_summary end
2024-11-22 15:08:11 - INFO - scheduled_equipment started.
2024-11-22 15:08:11 - INFO - Inserting into the equipment table
2024-11-22 15:08:11 - INFO - scheduled_equipment end
2024-11-22 15:08:11 - INFO - scheduled_energy_summary started.
2024-11-22 15:08:11 - INFO - Inserting record into EnergySummary
2024-11-22 15:08:11 - INFO - scheduled_energy_summary end
2024-11-22 15:09:11 - INFO - scheduled_equipment started.
2024-11-22 15:09:11 - INFO - Inserting into the equipment table
2024-11-22 15:09:11 - INFO - scheduled_equipment end
2024-11-22 15:09:11 - INFO - scheduled_energy_summary started.
2024-11-22 15:09:11 - INFO - Inserting record into EnergySummary
2024-11-22 15:09:11 - INFO - scheduled_energy_summary end
2024-11-22 15:10:11 - INFO - scheduled_equipment started.
2024-11-22 15:10:12 - INFO - Inserting into the equipment table
2024-11-22 15:10:12 - INFO - scheduled_equipment end
2024-11-22 15:10:12 - INFO - scheduled_energy_summary started.
2024-11-22 15:10:12 - INFO - Inserting record into EnergySummary
2024-11-22 15:10:12 - INFO - scheduled_energy_summary end
2024-11-22 15:11:12 - INFO - scheduled_equipment started.
2024-11-22 15:11:12 - INFO - Inserting into the equipment table
2024-11-22 15:11:12 - INFO - scheduled_equipment end
2024-11-22 15:11:12 - INFO - scheduled_energy_summary started.
2024-11-22 15:11:12 - INFO - Inserting record into EnergySummary
2024-11-22 15:11:12 - INFO - scheduled_energy_summary end
2024-11-22 15:12:12 - INFO - scheduled_equipment started.
2024-11-22 15:12:12 - INFO - Inserting into the equipment table
2024-11-22 15:12:12 - INFO - scheduled_equipment end
2024-11-22 15:12:12 - INFO - scheduled_energy_summary started.
2024-11-22 15:12:12 - INFO - Inserting record into EnergySummary
2024-11-22 15:12:12 - INFO - scheduled_energy_summary end
2024-11-22 15:13:12 - INFO - scheduled_equipment started.
2024-11-22 15:13:12 - INFO - Inserting into the equipment table
2024-11-22 15:13:12 - INFO - scheduled_equipment end
2024-11-22 15:13:12 - INFO - scheduled_energy_summary started.
2024-11-22 15:13:12 - INFO - Inserting record into EnergySummary
2024-11-22 15:13:12 - INFO - scheduled_energy_summary end
2024-11-22 15:14:12 - INFO - scheduled_equipment started.
2024-11-22 15:14:12 - INFO - Inserting into the equipment table
2024-11-22 15:14:12 - INFO - scheduled_equipment end
2024-11-22 15:14:12 - INFO - scheduled_energy_summary started.
2024-11-22 15:14:12 - INFO - Inserting record into EnergySummary
2024-11-22 15:14:12 - INFO - scheduled_energy_summary end
2024-11-22 15:15:12 - INFO - scheduled_equipment started.
2024-11-22 15:15:12 - INFO - Inserting into the equipment table
2024-11-22 15:15:12 - INFO - scheduled_equipment end
2024-11-22 15:15:12 - INFO - scheduled_energy_summary started.
2024-11-22 15:15:12 - INFO - Inserting record into EnergySummary
2024-11-22 15:15:12 - INFO - scheduled_energy_summary end
2024-11-22 15:16:12 - INFO - scheduled_equipment started.
2024-11-22 15:16:12 - INFO - Inserting into the equipment table
2024-11-22 15:16:12 - INFO - scheduled_equipment end
2024-11-22 15:16:12 - INFO - scheduled_energy_summary started.
2024-11-22 15:16:13 - INFO - Inserting record into EnergySummary
2024-11-22 15:16:13 - INFO - scheduled_energy_summary end
2024-11-22 15:17:13 - INFO - scheduled_equipment started.
2024-11-22 15:17:13 - INFO - Inserting into the equipment table
2024-11-22 15:17:13 - INFO - scheduled_equipment end
2024-11-22 15:17:13 - INFO - scheduled_energy_summary started.
2024-11-22 15:17:13 - INFO - Inserting record into EnergySummary
2024-11-22 15:17:13 - INFO - scheduled_energy_summary end
2024-11-22 15:18:13 - INFO - scheduled_equipment started.
2024-11-22 15:18:13 - INFO - Inserting into the equipment table
2024-11-22 15:18:13 - INFO - scheduled_equipment end
2024-11-22 15:18:13 - INFO - scheduled_energy_summary started.
2024-11-22 15:18:13 - INFO - Inserting record into EnergySummary
2024-11-22 15:18:13 - INFO - scheduled_energy_summary end
2024-11-22 15:19:13 - INFO - scheduled_equipment started.
2024-11-22 15:19:13 - INFO - Inserting into the equipment table
2024-11-22 15:19:13 - INFO - scheduled_equipment end
2024-11-22 15:19:13 - INFO - scheduled_energy_summary started.
2024-11-22 15:19:13 - INFO - Inserting record into EnergySummary
2024-11-22 15:19:13 - INFO - scheduled_energy_summary end
2024-11-22 15:20:13 - INFO - scheduled_equipment started.
2024-11-22 15:20:13 - INFO - Inserting into the equipment table
2024-11-22 15:20:13 - INFO - scheduled_equipment end
2024-11-22 15:20:13 - INFO - scheduled_energy_summary started.
2024-11-22 15:20:13 - INFO - Inserting record into EnergySummary
2024-11-22 15:20:13 - INFO - scheduled_energy_summary end
2024-11-22 15:21:13 - INFO - scheduled_equipment started.
2024-11-22 15:21:13 - INFO - Inserting into the equipment table
2024-11-22 15:21:13 - INFO - scheduled_equipment end
2024-11-22 15:21:13 - INFO - scheduled_energy_summary started.
2024-11-22 15:21:13 - INFO - Inserting record into EnergySummary
2024-11-22 15:21:13 - INFO - scheduled_energy_summary end
2024-11-22 15:22:13 - INFO - scheduled_equipment started.
2024-11-22 15:22:13 - INFO - Inserting into the equipment table
2024-11-22 15:22:13 - INFO - scheduled_equipment end
2024-11-22 15:22:13 - INFO - scheduled_energy_summary started.
2024-11-22 15:22:13 - INFO - Inserting record into EnergySummary
2024-11-22 15:22:13 - INFO - scheduled_energy_summary end
2024-11-22 15:23:13 - INFO - scheduled_equipment started.
2024-11-22 15:23:13 - INFO - Inserting into the equipment table
2024-11-22 15:23:13 - INFO - scheduled_equipment end
2024-11-22 15:23:13 - INFO - scheduled_energy_summary started.
2024-11-22 15:23:13 - INFO - Inserting record into EnergySummary
2024-11-22 15:23:13 - INFO - scheduled_energy_summary end
2024-11-22 15:24:14 - INFO - scheduled_equipment started.
2024-11-22 15:24:14 - INFO - Inserting into the equipment table
2024-11-22 15:24:14 - INFO - scheduled_equipment end
2024-11-22 15:24:14 - INFO - scheduled_energy_summary started.
2024-11-22 15:24:14 - INFO - Inserting record into EnergySummary
2024-11-22 15:24:14 - INFO - scheduled_energy_summary end
2024-11-22 15:25:14 - INFO - scheduled_equipment started.
2024-11-22 15:25:14 - INFO - Inserting into the equipment table
2024-11-22 15:25:14 - INFO - scheduled_equipment end
2024-11-22 15:25:14 - INFO - scheduled_energy_summary started.
2024-11-22 15:25:14 - INFO - Inserting record into EnergySummary
2024-11-22 15:25:14 - INFO - scheduled_energy_summary end
2024-11-22 15:26:14 - INFO - scheduled_equipment started.
2024-11-22 15:26:14 - INFO - Inserting into the equipment table
2024-11-22 15:26:14 - INFO - scheduled_equipment end
2024-11-22 15:26:14 - INFO - scheduled_energy_summary started.
2024-11-22 15:26:14 - INFO - Inserting record into EnergySummary
2024-11-22 15:26:14 - INFO - scheduled_energy_summary end
2024-11-22 15:27:14 - INFO - scheduled_equipment started.
2024-11-22 15:27:14 - INFO - Inserting into the equipment table
2024-11-22 15:27:14 - INFO - scheduled_equipment end
2024-11-22 15:27:14 - INFO - scheduled_energy_summary started.
2024-11-22 15:27:14 - INFO - Inserting record into EnergySummary
2024-11-22 15:27:14 - INFO - scheduled_energy_summary end
2024-11-22 15:28:14 - INFO - scheduled_equipment started.
2024-11-22 15:28:14 - INFO - Inserting into the equipment table
2024-11-22 15:28:14 - INFO - scheduled_equipment end
2024-11-22 15:28:14 - INFO - scheduled_energy_summary started.
2024-11-22 15:28:14 - INFO - Inserting record into EnergySummary
2024-11-22 15:28:14 - INFO - scheduled_energy_summary end
2024-11-22 15:29:14 - INFO - scheduled_equipment started.
2024-11-22 15:29:14 - INFO - Inserting into the equipment table
2024-11-22 15:29:14 - INFO - scheduled_equipment end
2024-11-22 15:29:14 - INFO - scheduled_energy_summary started.
2024-11-22 15:29:14 - INFO - Inserting record into EnergySummary
2024-11-22 15:29:14 - INFO - scheduled_energy_summary end
2024-11-22 15:30:14 - INFO - scheduled_equipment started.
2024-11-22 15:30:14 - INFO - Inserting into the equipment table
2024-11-22 15:30:14 - INFO - scheduled_equipment end
2024-11-22 15:30:14 - INFO - scheduled_energy_summary started.
2024-11-22 15:30:14 - INFO - Inserting record into EnergySummary
2024-11-22 15:30:14 - INFO - scheduled_energy_summary end
2024-11-22 15:31:14 - INFO - scheduled_equipment started.
2024-11-22 15:31:15 - INFO - Inserting into the equipment table
2024-11-22 15:31:15 - INFO - scheduled_equipment end
2024-11-22 15:31:15 - INFO - scheduled_energy_summary started.
2024-11-22 15:31:15 - INFO - Inserting record into EnergySummary
2024-11-22 15:31:15 - INFO - scheduled_energy_summary end
2024-11-22 15:32:15 - INFO - scheduled_equipment started.
2024-11-22 15:32:15 - INFO - Inserting into the equipment table
2024-11-22 15:32:15 - INFO - scheduled_equipment end
2024-11-22 15:32:15 - INFO - scheduled_energy_summary started.
2024-11-22 15:32:15 - INFO - Inserting record into EnergySummary
2024-11-22 15:32:15 - INFO - scheduled_energy_summary end
2024-11-22 15:33:15 - INFO - scheduled_equipment started.
2024-11-22 15:33:15 - INFO - Inserting into the equipment table
2024-11-22 15:33:15 - INFO - scheduled_equipment end
2024-11-22 15:33:15 - INFO - scheduled_energy_summary started.
2024-11-22 15:33:15 - INFO - Inserting record into EnergySummary
2024-11-22 15:33:15 - INFO - scheduled_energy_summary end
2024-11-22 15:34:15 - INFO - scheduled_equipment started.
2024-11-22 15:34:15 - INFO - Inserting into the equipment table
2024-11-22 15:34:15 - INFO - scheduled_equipment end
2024-11-22 15:34:15 - INFO - scheduled_energy_summary started.
2024-11-22 15:34:15 - INFO - Inserting record into EnergySummary
2024-11-22 15:34:15 - INFO - scheduled_energy_summary end
2024-11-22 15:35:15 - INFO - scheduled_equipment started.
2024-11-22 15:35:15 - INFO - Inserting into the equipment table
2024-11-22 15:35:15 - INFO - scheduled_equipment end
2024-11-22 15:35:15 - INFO - scheduled_energy_summary started.
2024-11-22 15:35:15 - INFO - Inserting record into EnergySummary
2024-11-22 15:35:15 - INFO - scheduled_energy_summary end
2024-11-22 15:36:15 - INFO - scheduled_equipment started.
2024-11-22 15:36:15 - INFO - Inserting into the equipment table
2024-11-22 15:36:15 - INFO - scheduled_equipment end
2024-11-22 15:36:15 - INFO - scheduled_energy_summary started.
2024-11-22 15:36:15 - INFO - Inserting record into EnergySummary
2024-11-22 15:36:15 - INFO - scheduled_energy_summary end
2024-11-22 15:37:15 - INFO - scheduled_equipment started.
2024-11-22 15:37:15 - INFO - Inserting into the equipment table
2024-11-22 15:37:15 - INFO - scheduled_equipment end
2024-11-22 15:37:15 - INFO - scheduled_energy_summary started.
2024-11-22 15:37:16 - INFO - Inserting record into EnergySummary
2024-11-22 15:37:16 - INFO - scheduled_energy_summary end
2024-11-22 15:38:16 - INFO - scheduled_equipment started.
2024-11-22 15:38:16 - INFO - Inserting into the equipment table
2024-11-22 15:38:16 - INFO - scheduled_equipment end
2024-11-22 15:38:16 - INFO - scheduled_energy_summary started.
2024-11-22 15:38:16 - INFO - Inserting record into EnergySummary
2024-11-22 15:38:16 - INFO - scheduled_energy_summary end
2024-11-22 15:39:16 - INFO - scheduled_equipment started.
2024-11-22 15:39:16 - INFO - Inserting into the equipment table
2024-11-22 15:39:16 - INFO - scheduled_equipment end
2024-11-22 15:39:16 - INFO - scheduled_energy_summary started.
2024-11-22 15:39:16 - INFO - Inserting record into EnergySummary
2024-11-22 15:39:16 - INFO - scheduled_energy_summary end
2024-11-22 15:40:16 - INFO - scheduled_equipment started.
2024-11-22 15:40:16 - INFO - Inserting into the equipment table
2024-11-22 15:40:16 - INFO - scheduled_equipment end
2024-11-22 15:40:16 - INFO - scheduled_energy_summary started.
2024-11-22 15:40:16 - INFO - Inserting record into EnergySummary
2024-11-22 15:40:16 - INFO - scheduled_energy_summary end
2024-11-22 15:41:16 - INFO - scheduled_equipment started.
2024-11-22 15:41:16 - INFO - Inserting into the equipment table
2024-11-22 15:41:16 - INFO - scheduled_equipment end
2024-11-22 15:41:16 - INFO - scheduled_energy_summary started.
2024-11-22 15:41:16 - INFO - Inserting record into EnergySummary
2024-11-22 15:41:16 - INFO - scheduled_energy_summary end
2024-11-22 15:42:16 - INFO - scheduled_equipment started.
2024-11-22 15:42:16 - INFO - Inserting into the equipment table
2024-11-22 15:42:16 - INFO - scheduled_equipment end
2024-11-22 15:42:16 - INFO - scheduled_energy_summary started.
2024-11-22 15:42:16 - INFO - Inserting record into EnergySummary
2024-11-22 15:42:16 - INFO - scheduled_energy_summary end
2024-11-22 15:43:16 - INFO - scheduled_equipment started.
2024-11-22 15:43:16 - INFO - Inserting into the equipment table
2024-11-22 15:43:16 - INFO - scheduled_equipment end
2024-11-22 15:43:16 - INFO - scheduled_energy_summary started.
2024-11-22 15:43:16 - INFO - Inserting record into EnergySummary
2024-11-22 15:43:16 - INFO - scheduled_energy_summary end
2024-11-22 15:44:16 - INFO - scheduled_equipment started.
2024-11-22 15:44:16 - INFO - Inserting into the equipment table
2024-11-22 15:44:16 - INFO - scheduled_equipment end
2024-11-22 15:44:16 - INFO - scheduled_energy_summary started.
2024-11-22 15:44:16 - INFO - Inserting record into EnergySummary
2024-11-22 15:44:16 - INFO - scheduled_energy_summary end
2024-11-22 15:45:17 - INFO - scheduled_equipment started.
2024-11-22 15:45:17 - INFO - Inserting into the equipment table
2024-11-22 15:45:17 - INFO - scheduled_equipment end
2024-11-22 15:45:17 - INFO - scheduled_energy_summary started.
2024-11-22 15:45:17 - INFO - Inserting record into EnergySummary
2024-11-22 15:45:17 - INFO - scheduled_energy_summary end
2024-11-22 15:46:17 - INFO - scheduled_equipment started.
2024-11-22 15:46:17 - INFO - Inserting into the equipment table
2024-11-22 15:46:17 - INFO - scheduled_equipment end
2024-11-22 15:46:17 - INFO - scheduled_energy_summary started.
2024-11-22 15:46:17 - INFO - Inserting record into EnergySummary
2024-11-22 15:46:17 - INFO - scheduled_energy_summary end
2024-11-22 15:47:17 - INFO - scheduled_equipment started.
2024-11-22 15:47:17 - INFO - Inserting into the equipment table
2024-11-22 15:47:17 - INFO - scheduled_equipment end
2024-11-22 15:47:17 - INFO - scheduled_energy_summary started.
2024-11-22 15:47:17 - INFO - Inserting record into EnergySummary
2024-11-22 15:47:17 - INFO - scheduled_energy_summary end
2024-11-22 15:48:17 - INFO - scheduled_equipment started.
2024-11-22 15:48:17 - INFO - Inserting into the equipment table
2024-11-22 15:48:17 - INFO - scheduled_equipment end
2024-11-22 15:48:17 - INFO - scheduled_energy_summary started.
2024-11-22 15:48:17 - INFO - Inserting record into EnergySummary
2024-11-22 15:48:17 - INFO - scheduled_energy_summary end
2024-11-22 15:49:17 - INFO - scheduled_equipment started.
2024-11-22 15:49:17 - INFO - Inserting into the equipment table
2024-11-22 15:49:17 - INFO - scheduled_equipment end
2024-11-22 15:49:17 - INFO - scheduled_energy_summary started.
2024-11-22 15:49:17 - INFO - Inserting record into EnergySummary
2024-11-22 15:49:17 - INFO - scheduled_energy_summary end
2024-11-22 15:50:17 - INFO - scheduled_equipment started.
2024-11-22 15:50:17 - INFO - Inserting into the equipment table
2024-11-22 15:50:17 - INFO - scheduled_equipment end
2024-11-22 15:50:17 - INFO - scheduled_energy_summary started.
2024-11-22 15:50:17 - INFO - Inserting record into EnergySummary
2024-11-22 15:50:17 - INFO - scheduled_energy_summary end
2024-11-22 15:51:17 - INFO - scheduled_equipment started.
2024-11-22 15:51:17 - INFO - Inserting into the equipment table
2024-11-22 15:51:17 - INFO - scheduled_equipment end
2024-11-22 15:51:17 - INFO - scheduled_energy_summary started.
2024-11-22 15:51:17 - INFO - Inserting record into EnergySummary
2024-11-22 15:51:17 - INFO - scheduled_energy_summary end
2024-11-22 15:52:17 - INFO - scheduled_equipment started.
2024-11-22 15:52:18 - INFO - Inserting into the equipment table
2024-11-22 15:52:18 - INFO - scheduled_equipment end
2024-11-22 15:52:18 - INFO - scheduled_energy_summary started.
2024-11-22 15:52:18 - INFO - Inserting record into EnergySummary
2024-11-22 15:52:18 - INFO - scheduled_energy_summary end
2024-11-22 15:53:18 - INFO - scheduled_equipment started.
2024-11-22 15:53:18 - INFO - Inserting into the equipment table
2024-11-22 15:53:18 - INFO - scheduled_equipment end
2024-11-22 15:53:18 - INFO - scheduled_energy_summary started.
2024-11-22 15:53:18 - INFO - Inserting record into EnergySummary
2024-11-22 15:53:18 - INFO - scheduled_energy_summary end
2024-11-22 15:54:18 - INFO - scheduled_equipment started.
2024-11-22 15:54:18 - INFO - Inserting into the equipment table
2024-11-22 15:54:18 - INFO - scheduled_equipment end
2024-11-22 15:54:18 - INFO - scheduled_energy_summary started.
2024-11-22 15:54:18 - INFO - Inserting record into EnergySummary
2024-11-22 15:54:18 - INFO - scheduled_energy_summary end
2024-11-22 15:55:18 - INFO - scheduled_equipment started.
2024-11-22 15:55:18 - INFO - Inserting into the equipment table
2024-11-22 15:55:18 - INFO - scheduled_equipment end
2024-11-22 15:55:18 - INFO - scheduled_energy_summary started.
2024-11-22 15:55:18 - INFO - Inserting record into EnergySummary
2024-11-22 15:55:18 - INFO - scheduled_energy_summary end
2024-11-22 15:56:18 - INFO - scheduled_equipment started.
2024-11-22 15:56:18 - INFO - Inserting into the equipment table
2024-11-22 15:56:18 - INFO - scheduled_equipment end
2024-11-22 15:56:18 - INFO - scheduled_energy_summary started.
2024-11-22 15:56:18 - INFO - Inserting record into EnergySummary
2024-11-22 15:56:18 - INFO - scheduled_energy_summary end
2024-11-22 15:57:18 - INFO - scheduled_equipment started.
2024-11-22 15:57:18 - INFO - Inserting into the equipment table
2024-11-22 15:57:18 - INFO - scheduled_equipment end
2024-11-22 15:57:18 - INFO - scheduled_energy_summary started.
2024-11-22 15:57:18 - INFO - Inserting record into EnergySummary
2024-11-22 15:57:18 - INFO - scheduled_energy_summary end
2024-11-22 15:58:18 - INFO - scheduled_equipment started.
2024-11-22 15:58:18 - INFO - Inserting into the equipment table
2024-11-22 15:58:18 - INFO - scheduled_equipment end
2024-11-22 15:58:18 - INFO - scheduled_energy_summary started.
2024-11-22 15:58:19 - INFO - Inserting record into EnergySummary
2024-11-22 15:58:19 - INFO - scheduled_energy_summary end
2024-11-22 15:59:00 - INFO - scheduled_energy_hour started.
2024-11-22 15:59:00 - INFO - scheduled_energy_hour end
2024-11-22 15:59:19 - INFO - scheduled_equipment started.
2024-11-22 15:59:19 - INFO - Inserting into the equipment table
2024-11-22 15:59:19 - INFO - scheduled_equipment end
2024-11-22 15:59:19 - INFO - scheduled_energy_summary started.
2024-11-22 15:59:19 - INFO - Inserting record into EnergySummary
2024-11-22 15:59:19 - INFO - scheduled_energy_summary end
2024-11-22 16:00:19 - INFO - scheduled_equipment started.
2024-11-22 16:00:19 - INFO - Inserting into the equipment table
2024-11-22 16:00:19 - INFO - scheduled_equipment end
2024-11-22 16:00:19 - INFO - scheduled_energy_summary started.
2024-11-22 16:00:19 - INFO - Inserting record into EnergySummary
2024-11-22 16:00:19 - INFO - scheduled_energy_summary end
2024-11-22 16:01:19 - INFO - scheduled_equipment started.
2024-11-22 16:01:19 - INFO - Inserting into the equipment table
2024-11-22 16:01:19 - INFO - scheduled_equipment end
2024-11-22 16:01:19 - INFO - scheduled_energy_summary started.
2024-11-22 16:01:19 - INFO - Inserting record into EnergySummary
2024-11-22 16:01:19 - INFO - scheduled_energy_summary end
2024-11-22 16:02:19 - INFO - scheduled_equipment started.
2024-11-22 16:02:19 - INFO - Inserting into the equipment table
2024-11-22 16:02:19 - INFO - scheduled_equipment end
2024-11-22 16:02:19 - INFO - scheduled_energy_summary started.
2024-11-22 16:02:19 - INFO - Inserting record into EnergySummary
2024-11-22 16:02:19 - INFO - scheduled_energy_summary end
2024-11-22 16:03:19 - INFO - scheduled_equipment started.
2024-11-22 16:03:19 - INFO - Inserting into the equipment table
2024-11-22 16:03:19 - INFO - scheduled_equipment end
2024-11-22 16:03:19 - INFO - scheduled_energy_summary started.
2024-11-22 16:03:19 - INFO - Inserting record into EnergySummary
2024-11-22 16:03:19 - INFO - scheduled_energy_summary end
2024-11-22 16:04:19 - INFO - scheduled_equipment started.
2024-11-22 16:04:19 - INFO - Inserting into the equipment table
2024-11-22 16:04:19 - INFO - scheduled_equipment end
2024-11-22 16:04:19 - INFO - scheduled_energy_summary started.
2024-11-22 16:04:19 - INFO - Inserting record into EnergySummary
2024-11-22 16:04:19 - INFO - scheduled_energy_summary end
2024-11-22 16:05:19 - INFO - scheduled_equipment started.
2024-11-22 16:05:20 - INFO - Inserting into the equipment table
2024-11-22 16:05:20 - INFO - scheduled_equipment end
2024-11-22 16:05:20 - INFO - scheduled_energy_summary started.
2024-11-22 16:05:20 - INFO - Inserting record into EnergySummary
2024-11-22 16:05:20 - INFO - scheduled_energy_summary end
2024-11-22 16:06:20 - INFO - scheduled_equipment started.
2024-11-22 16:06:20 - INFO - Inserting into the equipment table
2024-11-22 16:06:20 - INFO - scheduled_equipment end
2024-11-22 16:06:20 - INFO - scheduled_energy_summary started.
2024-11-22 16:06:20 - INFO - Inserting record into EnergySummary
2024-11-22 16:06:20 - INFO - scheduled_energy_summary end
2024-11-22 16:07:20 - INFO - scheduled_equipment started.
2024-11-22 16:07:20 - INFO - Inserting into the equipment table
2024-11-22 16:07:20 - INFO - scheduled_equipment end
2024-11-22 16:07:20 - INFO - scheduled_energy_summary started.
2024-11-22 16:07:20 - INFO - Inserting record into EnergySummary
2024-11-22 16:07:20 - INFO - scheduled_energy_summary end
2024-11-22 16:08:20 - INFO - scheduled_equipment started.
2024-11-22 16:08:20 - INFO - Inserting into the equipment table
2024-11-22 16:08:20 - INFO - scheduled_equipment end
2024-11-22 16:08:20 - INFO - scheduled_energy_summary started.
2024-11-22 16:08:20 - INFO - Inserting record into EnergySummary
2024-11-22 16:08:20 - INFO - scheduled_energy_summary end
2024-11-22 16:09:20 - INFO - scheduled_equipment started.
2024-11-22 16:09:20 - INFO - Inserting into the equipment table
2024-11-22 16:09:20 - INFO - scheduled_equipment end
2024-11-22 16:09:20 - INFO - scheduled_energy_summary started.
2024-11-22 16:09:20 - INFO - Inserting record into EnergySummary
2024-11-22 16:09:20 - INFO - scheduled_energy_summary end
2024-11-22 16:10:20 - INFO - scheduled_equipment started.
2024-11-22 16:10:20 - INFO - Inserting into the equipment table
2024-11-22 16:10:20 - INFO - scheduled_equipment end
2024-11-22 16:10:20 - INFO - scheduled_energy_summary started.
2024-11-22 16:10:20 - INFO - Inserting record into EnergySummary
2024-11-22 16:10:20 - INFO - scheduled_energy_summary end
2024-11-22 16:11:20 - INFO - scheduled_equipment started.
2024-11-22 16:11:20 - INFO - Inserting into the equipment table
2024-11-22 16:11:20 - INFO - scheduled_equipment end
2024-11-22 16:11:20 - INFO - scheduled_energy_summary started.
2024-11-22 16:11:20 - INFO - Inserting record into EnergySummary
2024-11-22 16:11:20 - INFO - scheduled_energy_summary end
2024-11-22 16:12:20 - INFO - scheduled_equipment started.
2024-11-22 16:12:20 - INFO - Inserting into the equipment table
2024-11-22 16:12:20 - INFO - scheduled_equipment end
2024-11-22 16:12:20 - INFO - scheduled_energy_summary started.
2024-11-22 16:12:20 - INFO - Inserting record into EnergySummary
2024-11-22 16:12:20 - INFO - scheduled_energy_summary end
2024-11-22 16:13:21 - INFO - scheduled_equipment started.
2024-11-22 16:13:21 - INFO - Inserting into the equipment table
2024-11-22 16:13:21 - INFO - scheduled_equipment end
2024-11-22 16:13:21 - INFO - scheduled_energy_summary started.
2024-11-22 16:13:21 - INFO - Inserting record into EnergySummary
2024-11-22 16:13:21 - INFO - scheduled_energy_summary end
2024-11-22 16:14:21 - INFO - scheduled_equipment started.
2024-11-22 16:14:21 - INFO - Inserting into the equipment table
2024-11-22 16:14:21 - INFO - scheduled_equipment end
2024-11-22 16:14:21 - INFO - scheduled_energy_summary started.
2024-11-22 16:14:21 - INFO - Inserting record into EnergySummary
2024-11-22 16:14:21 - INFO - scheduled_energy_summary end
2024-11-22 16:15:21 - INFO - scheduled_equipment started.
2024-11-22 16:15:21 - INFO - Inserting into the equipment table
2024-11-22 16:15:21 - INFO - scheduled_equipment end
2024-11-22 16:15:21 - INFO - scheduled_energy_summary started.
2024-11-22 16:15:21 - INFO - Inserting record into EnergySummary
2024-11-22 16:15:21 - INFO - scheduled_energy_summary end
2024-11-22 16:16:21 - INFO - scheduled_equipment started.
2024-11-22 16:16:21 - INFO - Inserting into the equipment table
2024-11-22 16:16:21 - INFO - scheduled_equipment end
2024-11-22 16:16:21 - INFO - scheduled_energy_summary started.
2024-11-22 16:16:21 - INFO - Inserting record into EnergySummary
2024-11-22 16:16:21 - INFO - scheduled_energy_summary end
2024-11-22 16:17:21 - INFO - scheduled_equipment started.
2024-11-22 16:17:21 - INFO - Inserting into the equipment table
2024-11-22 16:17:21 - INFO - scheduled_equipment end
2024-11-22 16:17:21 - INFO - scheduled_energy_summary started.
2024-11-22 16:17:21 - INFO - Inserting record into EnergySummary
2024-11-22 16:17:21 - INFO - scheduled_energy_summary end
2024-11-22 16:18:21 - INFO - scheduled_equipment started.
2024-11-22 16:18:21 - INFO - Inserting into the equipment table
2024-11-22 16:18:21 - INFO - scheduled_equipment end
2024-11-22 16:18:21 - INFO - scheduled_energy_summary started.
2024-11-22 16:18:21 - INFO - Inserting record into EnergySummary
2024-11-22 16:18:21 - INFO - scheduled_energy_summary end
2024-11-22 16:19:21 - INFO - scheduled_equipment started.
2024-11-22 16:19:21 - INFO - Inserting into the equipment table
2024-11-22 16:19:21 - INFO - scheduled_equipment end
2024-11-22 16:19:21 - INFO - scheduled_energy_summary started.
2024-11-22 16:19:21 - INFO - Inserting record into EnergySummary
2024-11-22 16:19:21 - INFO - scheduled_energy_summary end
2024-11-22 16:20:21 - INFO - scheduled_equipment started.
2024-11-22 16:20:21 - INFO - Inserting into the equipment table
2024-11-22 16:20:21 - INFO - scheduled_equipment end
2024-11-22 16:20:21 - INFO - scheduled_energy_summary started.
2024-11-22 16:20:22 - INFO - Inserting record into EnergySummary
2024-11-22 16:20:22 - INFO - scheduled_energy_summary end
2024-11-22 16:21:22 - INFO - scheduled_equipment started.
2024-11-22 16:21:22 - INFO - Inserting into the equipment table
2024-11-22 16:21:22 - INFO - scheduled_equipment end
2024-11-22 16:21:22 - INFO - scheduled_energy_summary started.
2024-11-22 16:21:22 - INFO - Inserting record into EnergySummary
2024-11-22 16:21:22 - INFO - scheduled_energy_summary end
2024-11-22 16:22:22 - INFO - scheduled_equipment started.
2024-11-22 16:22:22 - INFO - Inserting into the equipment table
2024-11-22 16:22:22 - INFO - scheduled_equipment end
2024-11-22 16:22:22 - INFO - scheduled_energy_summary started.
2024-11-22 16:22:22 - INFO - Inserting record into EnergySummary
2024-11-22 16:22:22 - INFO - scheduled_energy_summary end
2024-11-22 16:23:22 - INFO - scheduled_equipment started.
2024-11-22 16:23:22 - INFO - Inserting into the equipment table
2024-11-22 16:23:22 - INFO - scheduled_equipment end
2024-11-22 16:23:22 - INFO - scheduled_energy_summary started.
2024-11-22 16:23:22 - INFO - Inserting record into EnergySummary
2024-11-22 16:23:22 - INFO - scheduled_energy_summary end
2024-11-22 16:24:22 - INFO - scheduled_equipment started.
2024-11-22 16:24:22 - INFO - Inserting into the equipment table
2024-11-22 16:24:22 - INFO - scheduled_equipment end
2024-11-22 16:24:22 - INFO - scheduled_energy_summary started.
2024-11-22 16:24:22 - INFO - Inserting record into EnergySummary
2024-11-22 16:24:22 - INFO - scheduled_energy_summary end
2024-11-22 16:25:22 - INFO - scheduled_equipment started.
2024-11-22 16:25:22 - INFO - Inserting into the equipment table
2024-11-22 16:25:22 - INFO - scheduled_equipment end
2024-11-22 16:25:22 - INFO - scheduled_energy_summary started.
2024-11-22 16:25:22 - INFO - Inserting record into EnergySummary
2024-11-22 16:25:22 - INFO - scheduled_energy_summary end
2024-11-22 16:26:22 - INFO - scheduled_equipment started.
2024-11-22 16:26:22 - INFO - Inserting into the equipment table
2024-11-22 16:26:22 - INFO - scheduled_equipment end
2024-11-22 16:26:22 - INFO - scheduled_energy_summary started.
2024-11-22 16:26:22 - INFO - Inserting record into EnergySummary
2024-11-22 16:26:22 - INFO - scheduled_energy_summary end
2024-11-22 16:27:22 - INFO - scheduled_equipment started.
2024-11-22 16:27:23 - INFO - Inserting into the equipment table
2024-11-22 16:27:23 - INFO - scheduled_equipment end
2024-11-22 16:27:23 - INFO - scheduled_energy_summary started.
2024-11-22 16:27:23 - INFO - Inserting record into EnergySummary
2024-11-22 16:27:23 - INFO - scheduled_energy_summary end
2024-11-22 16:28:23 - INFO - scheduled_equipment started.
2024-11-22 16:28:23 - INFO - Inserting into the equipment table
2024-11-22 16:28:23 - INFO - scheduled_equipment end
2024-11-22 16:28:23 - INFO - scheduled_energy_summary started.
2024-11-22 16:28:23 - INFO - Inserting record into EnergySummary
2024-11-22 16:28:23 - INFO - scheduled_energy_summary end
2024-11-22 16:29:23 - INFO - scheduled_equipment started.
2024-11-22 16:29:23 - INFO - Inserting into the equipment table
2024-11-22 16:29:23 - INFO - scheduled_equipment end
2024-11-22 16:29:23 - INFO - scheduled_energy_summary started.
2024-11-22 16:29:23 - INFO - Inserting record into EnergySummary
2024-11-22 16:29:23 - INFO - scheduled_energy_summary end
2024-11-22 16:30:23 - INFO - scheduled_equipment started.
2024-11-22 16:30:23 - INFO - Inserting into the equipment table
2024-11-22 16:30:23 - INFO - scheduled_equipment end
2024-11-22 16:30:23 - INFO - scheduled_energy_summary started.
2024-11-22 16:30:23 - INFO - Inserting record into EnergySummary
2024-11-22 16:30:23 - INFO - scheduled_energy_summary end
2024-11-22 16:31:23 - INFO - scheduled_equipment started.
2024-11-22 16:31:23 - INFO - Inserting into the equipment table
2024-11-22 16:31:23 - INFO - scheduled_equipment end
2024-11-22 16:31:23 - INFO - scheduled_energy_summary started.
2024-11-22 16:31:23 - INFO - Inserting record into EnergySummary
2024-11-22 16:31:23 - INFO - scheduled_energy_summary end
2024-11-22 16:32:23 - INFO - scheduled_equipment started.
2024-11-22 16:32:23 - INFO - Inserting into the equipment table
2024-11-22 16:32:23 - INFO - scheduled_equipment end
2024-11-22 16:32:23 - INFO - scheduled_energy_summary started.
2024-11-22 16:32:23 - INFO - Inserting record into EnergySummary
2024-11-22 16:32:23 - INFO - scheduled_energy_summary end
2024-11-22 16:33:23 - INFO - scheduled_equipment started.
2024-11-22 16:33:23 - INFO - Inserting into the equipment table
2024-11-22 16:33:23 - INFO - scheduled_equipment end
2024-11-22 16:33:23 - INFO - scheduled_energy_summary started.
2024-11-22 16:33:23 - INFO - Inserting record into EnergySummary
2024-11-22 16:33:23 - INFO - scheduled_energy_summary end
2024-11-22 16:34:23 - INFO - scheduled_equipment started.
2024-11-22 16:34:23 - INFO - Inserting into the equipment table
2024-11-22 16:34:23 - INFO - scheduled_equipment end
2024-11-22 16:34:23 - INFO - scheduled_energy_summary started.
2024-11-22 16:34:24 - INFO - Inserting record into EnergySummary
2024-11-22 16:34:24 - INFO - scheduled_energy_summary end
2024-11-22 16:35:24 - INFO - scheduled_equipment started.
2024-11-22 16:35:24 - INFO - Inserting into the equipment table
2024-11-22 16:35:24 - INFO - scheduled_equipment end
2024-11-22 16:35:24 - INFO - scheduled_energy_summary started.
2024-11-22 16:35:24 - INFO - Inserting record into EnergySummary
2024-11-22 16:35:24 - INFO - scheduled_energy_summary end
2024-11-22 16:36:24 - INFO - scheduled_equipment started.
2024-11-22 16:36:24 - INFO - Inserting into the equipment table
2024-11-22 16:36:24 - INFO - scheduled_equipment end
2024-11-22 16:36:24 - INFO - scheduled_energy_summary started.
2024-11-22 16:36:24 - INFO - Inserting record into EnergySummary
2024-11-22 16:36:24 - INFO - scheduled_energy_summary end
2024-11-22 16:37:24 - INFO - scheduled_equipment started.
2024-11-22 16:37:24 - INFO - Inserting into the equipment table
2024-11-22 16:37:24 - INFO - scheduled_equipment end
2024-11-22 16:37:24 - INFO - scheduled_energy_summary started.
2024-11-22 16:37:24 - INFO - Inserting record into EnergySummary
2024-11-22 16:37:24 - INFO - scheduled_energy_summary end
2024-11-22 16:38:24 - INFO - scheduled_equipment started.
2024-11-22 16:38:24 - INFO - Inserting into the equipment table
2024-11-22 16:38:24 - INFO - scheduled_equipment end
2024-11-22 16:38:24 - INFO - scheduled_energy_summary started.
2024-11-22 16:38:24 - INFO - Inserting record into EnergySummary
2024-11-22 16:38:24 - INFO - scheduled_energy_summary end
2024-11-22 16:39:24 - INFO - scheduled_equipment started.
2024-11-22 16:39:24 - INFO - Inserting into the equipment table
2024-11-22 16:39:24 - INFO - scheduled_equipment end
2024-11-22 16:39:24 - INFO - scheduled_energy_summary started.
2024-11-22 16:39:24 - INFO - Inserting record into EnergySummary
2024-11-22 16:39:24 - INFO - scheduled_energy_summary end
2024-11-22 16:40:24 - INFO - scheduled_equipment started.
2024-11-22 16:40:24 - INFO - Inserting into the equipment table
2024-11-22 16:40:24 - INFO - scheduled_equipment end
2024-11-22 16:40:24 - INFO - scheduled_energy_summary started.
2024-11-22 16:40:24 - INFO - Inserting record into EnergySummary
2024-11-22 16:40:24 - INFO - scheduled_energy_summary end
2024-11-22 16:41:24 - INFO - scheduled_equipment started.
2024-11-22 16:41:24 - INFO - Inserting into the equipment table
2024-11-22 16:41:24 - INFO - scheduled_equipment end
2024-11-22 16:41:24 - INFO - scheduled_energy_summary started.
2024-11-22 16:41:24 - INFO - Inserting record into EnergySummary
2024-11-22 16:41:24 - INFO - scheduled_energy_summary end
2024-11-22 16:42:24 - INFO - scheduled_equipment started.
2024-11-22 16:42:25 - INFO - Inserting into the equipment table
2024-11-22 16:42:25 - INFO - scheduled_equipment end
2024-11-22 16:42:25 - INFO - scheduled_energy_summary started.
2024-11-22 16:42:25 - INFO - Inserting record into EnergySummary
2024-11-22 16:42:25 - INFO - scheduled_energy_summary end
2024-11-22 16:43:25 - INFO - scheduled_equipment started.
2024-11-22 16:43:25 - INFO - Inserting into the equipment table
2024-11-22 16:43:25 - INFO - scheduled_equipment end
2024-11-22 16:43:25 - INFO - scheduled_energy_summary started.
2024-11-22 16:43:25 - INFO - Inserting record into EnergySummary
2024-11-22 16:43:25 - INFO - scheduled_energy_summary end
2024-11-22 16:44:25 - INFO - scheduled_equipment started.
2024-11-22 16:44:25 - INFO - Inserting into the equipment table
2024-11-22 16:44:25 - INFO - scheduled_equipment end
2024-11-22 16:44:25 - INFO - scheduled_energy_summary started.
2024-11-22 16:44:25 - INFO - Inserting record into EnergySummary
2024-11-22 16:44:25 - INFO - scheduled_energy_summary end
2024-11-22 16:45:25 - INFO - scheduled_equipment started.
2024-11-22 16:45:25 - INFO - Inserting into the equipment table
2024-11-22 16:45:25 - INFO - scheduled_equipment end
2024-11-22 16:45:25 - INFO - scheduled_energy_summary started.
2024-11-22 16:45:25 - INFO - Inserting record into EnergySummary
2024-11-22 16:45:25 - INFO - scheduled_energy_summary end
2024-11-22 16:46:25 - INFO - scheduled_equipment started.
2024-11-22 16:46:25 - INFO - Inserting into the equipment table
2024-11-22 16:46:25 - INFO - scheduled_equipment end
2024-11-22 16:46:25 - INFO - scheduled_energy_summary started.
2024-11-22 16:46:25 - INFO - Inserting record into EnergySummary
2024-11-22 16:46:25 - INFO - scheduled_energy_summary end
2024-11-22 16:47:25 - INFO - scheduled_equipment started.
2024-11-22 16:47:25 - INFO - Inserting into the equipment table
2024-11-22 16:47:25 - INFO - scheduled_equipment end
2024-11-22 16:47:25 - INFO - scheduled_energy_summary started.
2024-11-22 16:47:25 - INFO - Inserting record into EnergySummary
2024-11-22 16:47:25 - INFO - scheduled_energy_summary end
2024-11-22 16:48:25 - INFO - scheduled_equipment started.
2024-11-22 16:48:25 - INFO - Inserting into the equipment table
2024-11-22 16:48:25 - INFO - scheduled_equipment end
2024-11-22 16:48:25 - INFO - scheduled_energy_summary started.
2024-11-22 16:48:25 - INFO - Inserting record into EnergySummary
2024-11-22 16:48:25 - INFO - scheduled_energy_summary end
2024-11-22 16:49:25 - INFO - scheduled_equipment started.
2024-11-22 16:49:25 - INFO - Inserting into the equipment table
2024-11-22 16:49:25 - INFO - scheduled_equipment end
2024-11-22 16:49:25 - INFO - scheduled_energy_summary started.
2024-11-22 16:49:25 - INFO - Inserting record into EnergySummary
2024-11-22 16:49:25 - INFO - scheduled_energy_summary end
2024-11-22 16:50:25 - INFO - scheduled_equipment started.
2024-11-22 16:50:25 - INFO - Inserting into the equipment table
2024-11-22 16:50:25 - INFO - scheduled_equipment end
2024-11-22 16:50:25 - INFO - scheduled_energy_summary started.
2024-11-22 16:50:26 - INFO - Inserting record into EnergySummary
2024-11-22 16:50:26 - INFO - scheduled_energy_summary end
2024-11-22 16:51:26 - INFO - scheduled_equipment started.
2024-11-22 16:51:26 - INFO - Inserting into the equipment table
2024-11-22 16:51:26 - INFO - scheduled_equipment end
2024-11-22 16:51:26 - INFO - scheduled_energy_summary started.
2024-11-22 16:51:26 - INFO - Inserting record into EnergySummary
2024-11-22 16:51:26 - INFO - scheduled_energy_summary end
2024-11-22 16:52:26 - INFO - scheduled_equipment started.
2024-11-22 16:52:26 - INFO - Inserting into the equipment table
2024-11-22 16:52:26 - INFO - scheduled_equipment end
2024-11-22 16:52:26 - INFO - scheduled_energy_summary started.
2024-11-22 16:52:26 - INFO - Inserting record into EnergySummary
2024-11-22 16:52:26 - INFO - scheduled_energy_summary end
2024-11-22 16:53:26 - INFO - scheduled_equipment started.
2024-11-22 16:53:26 - INFO - Inserting into the equipment table
2024-11-22 16:53:26 - INFO - scheduled_equipment end
2024-11-22 16:53:26 - INFO - scheduled_energy_summary started.
2024-11-22 16:53:26 - INFO - Inserting record into EnergySummary
2024-11-22 16:53:26 - INFO - scheduled_energy_summary end
2024-11-22 16:54:26 - INFO - scheduled_equipment started.
2024-11-22 16:54:26 - INFO - Inserting into the equipment table
2024-11-22 16:54:26 - INFO - scheduled_equipment end
2024-11-22 16:54:26 - INFO - scheduled_energy_summary started.
2024-11-22 16:54:26 - INFO - Inserting record into EnergySummary
2024-11-22 16:54:26 - INFO - scheduled_energy_summary end
2024-11-22 16:55:26 - INFO - scheduled_equipment started.
2024-11-22 16:55:26 - INFO - Inserting into the equipment table
2024-11-22 16:55:26 - INFO - scheduled_equipment end
2024-11-22 16:55:26 - INFO - scheduled_energy_summary started.
2024-11-22 16:55:26 - INFO - Inserting record into EnergySummary
2024-11-22 16:55:26 - INFO - scheduled_energy_summary end
2024-11-22 16:56:26 - INFO - scheduled_equipment started.
2024-11-22 16:56:26 - INFO - Inserting into the equipment table
2024-11-22 16:56:26 - INFO - scheduled_equipment end
2024-11-22 16:56:26 - INFO - scheduled_energy_summary started.
2024-11-22 16:56:26 - INFO - Inserting record into EnergySummary
2024-11-22 16:56:26 - INFO - scheduled_energy_summary end
2024-11-22 16:57:26 - INFO - scheduled_equipment started.
2024-11-22 16:57:26 - INFO - Inserting into the equipment table
2024-11-22 16:57:26 - INFO - scheduled_equipment end
2024-11-22 16:57:26 - INFO - scheduled_energy_summary started.
2024-11-22 16:57:26 - INFO - Inserting record into EnergySummary
2024-11-22 16:57:26 - INFO - scheduled_energy_summary end
2024-11-22 16:58:27 - INFO - scheduled_equipment started.
2024-11-22 16:58:27 - INFO - Inserting into the equipment table
2024-11-22 16:58:27 - INFO - scheduled_equipment end
2024-11-22 16:58:27 - INFO - scheduled_energy_summary started.
2024-11-22 16:58:27 - INFO - Inserting record into EnergySummary
2024-11-22 16:58:27 - INFO - scheduled_energy_summary end
2024-11-22 16:59:00 - INFO - scheduled_energy_hour started.
2024-11-22 16:59:00 - INFO - scheduled_energy_hour end
2024-11-22 16:59:27 - INFO - scheduled_equipment started.
2024-11-22 16:59:27 - INFO - Inserting into the equipment table
2024-11-22 16:59:27 - INFO - scheduled_equipment end
2024-11-22 16:59:27 - INFO - scheduled_energy_summary started.
2024-11-22 16:59:27 - INFO - Inserting record into EnergySummary
2024-11-22 16:59:27 - INFO - scheduled_energy_summary end
2024-11-22 17:00:27 - INFO - scheduled_equipment started.
2024-11-22 17:00:27 - INFO - Inserting into the equipment table
2024-11-22 17:00:27 - INFO - scheduled_equipment end
2024-11-22 17:00:27 - INFO - scheduled_energy_summary started.
2024-11-22 17:00:27 - INFO - Inserting record into EnergySummary
2024-11-22 17:00:27 - INFO - scheduled_energy_summary end
2024-11-22 17:01:27 - INFO - scheduled_equipment started.
2024-11-22 17:01:27 - INFO - Inserting into the equipment table
2024-11-22 17:01:27 - INFO - scheduled_equipment end
2024-11-22 17:01:27 - INFO - scheduled_energy_summary started.
2024-11-22 17:01:27 - INFO - Inserting record into EnergySummary
2024-11-22 17:01:27 - INFO - scheduled_energy_summary end
2024-11-22 17:02:27 - INFO - scheduled_equipment started.
2024-11-22 17:02:27 - INFO - Inserting into the equipment table
2024-11-22 17:02:27 - INFO - scheduled_equipment end
2024-11-22 17:02:27 - INFO - scheduled_energy_summary started.
2024-11-22 17:02:27 - INFO - Inserting record into EnergySummary
2024-11-22 17:02:27 - INFO - scheduled_energy_summary end
2024-11-22 17:03:27 - INFO - scheduled_equipment started.
2024-11-22 17:03:27 - INFO - Inserting into the equipment table
2024-11-22 17:03:27 - INFO - scheduled_equipment end
2024-11-22 17:03:27 - INFO - scheduled_energy_summary started.
2024-11-22 17:03:27 - INFO - Inserting record into EnergySummary
2024-11-22 17:03:27 - INFO - scheduled_energy_summary end
2024-11-22 17:04:27 - INFO - scheduled_equipment started.
2024-11-22 17:04:27 - INFO - Inserting into the equipment table
2024-11-22 17:04:27 - INFO - scheduled_equipment end
2024-11-22 17:04:27 - INFO - scheduled_energy_summary started.
2024-11-22 17:04:27 - INFO - Inserting record into EnergySummary
2024-11-22 17:04:27 - INFO - scheduled_energy_summary end
2024-11-22 17:05:27 - INFO - scheduled_equipment started.
2024-11-22 17:05:28 - INFO - Inserting into the equipment table
2024-11-22 17:05:28 - INFO - scheduled_equipment end
2024-11-22 17:05:28 - INFO - scheduled_energy_summary started.
2024-11-22 17:05:28 - INFO - Inserting record into EnergySummary
2024-11-22 17:05:28 - INFO - scheduled_energy_summary end
2024-11-22 17:06:28 - INFO - scheduled_equipment started.
2024-11-22 17:06:28 - INFO - Inserting into the equipment table
2024-11-22 17:06:28 - INFO - scheduled_equipment end
2024-11-22 17:06:28 - INFO - scheduled_energy_summary started.
2024-11-22 17:06:28 - INFO - Inserting record into EnergySummary
2024-11-22 17:06:28 - INFO - scheduled_energy_summary end
2024-11-22 17:07:28 - INFO - scheduled_equipment started.
2024-11-22 17:07:28 - INFO - Inserting into the equipment table
2024-11-22 17:07:28 - INFO - scheduled_equipment end
2024-11-22 17:07:28 - INFO - scheduled_energy_summary started.
2024-11-22 17:07:28 - INFO - Inserting record into EnergySummary
2024-11-22 17:07:28 - INFO - scheduled_energy_summary end
2024-11-22 17:36:08 - INFO - scheduled_equipment started.
2024-11-22 17:36:11 - ERROR - Exception during reset or similar
Traceback (most recent call last):
  File "C:\Users\vg8rw\OneDrive\\project\Test\test\Lib\site-packages\sqlalchemy\pool\base.py", line 986, in _finalize_fairy
    fairy._reset(
  File "C:\Users\vg8rw\OneDrive\\project\Test\test\Lib\site-packages\sqlalchemy\pool\base.py", line 1432, in _reset
    pool._dialect.do_rollback(self)
  File "C:\Users\vg8rw\OneDrive\\project\Test\test\Lib\site-packages\sqlalchemy\engine\default.py", line 699, in do_rollback
    dbapi_connection.rollback()
psycopg2.OperationalError: server closed the connection unexpectedly
	This probably means the server terminated abnormally
	before or while processing the request.
server closed the connection unexpectedly
	This probably means the server terminated abnormally
	before or while processing the request.

