2024-11-21 17:18:26 - INFO - This is an info log message.
2024-11-21 17:18:26 - ERROR - This is an error log message.
2024-11-21 17:18:26 - INFO - Scheduler started.
2024-11-21 17:19:26 - INFO - scheduled_equipment started.
2024-11-21 17:19:27 - INFO - Inserting into the equipment table
2024-11-21 17:19:27 - INFO - scheduled_equipment end
2024-11-21 17:19:27 - INFO - scheduled_energy_summary started.
2024-11-21 17:19:27 - INFO - Inserting record into EnergySummary
2024-11-21 17:19:27 - INFO - scheduled_energy_summary end
2024-11-21 17:20:27 - INFO - scheduled_equipment started.
2024-11-21 17:20:27 - INFO - Inserting into the equipment table
2024-11-21 17:20:27 - INFO - scheduled_equipment end
2024-11-21 17:20:27 - INFO - scheduled_energy_summary started.
2024-11-21 17:20:27 - INFO - Inserting record into EnergySummary
2024-11-21 17:20:27 - INFO - scheduled_energy_summary end
2024-11-21 17:21:27 - INFO - scheduled_equipment started.
2024-11-21 17:21:27 - INFO - Inserting into the equipment table
2024-11-21 17:21:27 - INFO - scheduled_equipment end
2024-11-21 17:21:27 - INFO - scheduled_energy_summary started.
2024-11-21 17:21:27 - INFO - Inserting record into EnergySummary
2024-11-21 17:21:27 - INFO - scheduled_energy_summary end
2024-11-21 17:22:27 - INFO - scheduled_equipment started.
2024-11-21 17:22:27 - INFO - Inserting into the equipment table
2024-11-21 17:22:27 - INFO - scheduled_equipment end
2024-11-21 17:22:27 - INFO - scheduled_energy_summary started.
2024-11-21 17:22:27 - INFO - Inserting record into EnergySummary
2024-11-21 17:22:27 - INFO - scheduled_energy_summary end
2024-11-21 17:23:27 - INFO - scheduled_equipment started.
2024-11-21 17:23:27 - INFO - Inserting into the equipment table
2024-11-21 17:23:27 - INFO - scheduled_equipment end
2024-11-21 17:23:27 - INFO - scheduled_energy_summary started.
2024-11-21 17:23:27 - INFO - Inserting record into EnergySummary
2024-11-21 17:23:27 - INFO - scheduled_energy_summary end
2024-11-21 17:24:27 - INFO - scheduled_equipment started.
2024-11-21 17:24:27 - INFO - Inserting into the equipment table
2024-11-21 17:24:27 - INFO - scheduled_equipment end
2024-11-21 17:24:27 - INFO - scheduled_energy_summary started.
2024-11-21 17:24:27 - INFO - Inserting record into EnergySummary
2024-11-21 17:24:27 - INFO - scheduled_energy_summary end
2024-11-21 17:25:27 - INFO - scheduled_equipment started.
2024-11-21 17:25:27 - INFO - Inserting into the equipment table
2024-11-21 17:25:27 - INFO - scheduled_equipment end
2024-11-21 17:25:27 - INFO - scheduled_energy_summary started.
2024-11-21 17:25:27 - INFO - Inserting record into EnergySummary
2024-11-21 17:25:27 - INFO - scheduled_energy_summary end
2024-11-21 17:26:28 - INFO - scheduled_equipment started.
2024-11-21 17:26:28 - INFO - Inserting into the equipment table
2024-11-21 17:26:28 - INFO - scheduled_equipment end
2024-11-21 17:26:28 - INFO - scheduled_energy_summary started.
2024-11-21 17:26:28 - INFO - Inserting record into EnergySummary
2024-11-21 17:26:28 - INFO - scheduled_energy_summary end
2024-11-21 17:27:28 - INFO - scheduled_equipment started.
2024-11-21 17:27:28 - INFO - Inserting into the equipment table
2024-11-21 17:27:28 - INFO - scheduled_equipment end
2024-11-21 17:27:28 - INFO - scheduled_energy_summary started.
2024-11-21 17:27:28 - INFO - Inserting record into EnergySummary
2024-11-21 17:27:28 - INFO - scheduled_energy_summary end
2024-11-21 17:28:28 - INFO - scheduled_equipment started.
2024-11-21 17:28:28 - INFO - Inserting into the equipment table
2024-11-21 17:28:28 - INFO - scheduled_equipment end
2024-11-21 17:28:28 - INFO - scheduled_energy_summary started.
2024-11-21 17:28:28 - INFO - Inserting record into EnergySummary
2024-11-21 17:28:28 - INFO - scheduled_energy_summary end
2024-11-21 17:29:28 - INFO - scheduled_equipment started.
2024-11-21 17:29:28 - INFO - Inserting into the equipment table
2024-11-21 17:29:28 - INFO - scheduled_equipment end
2024-11-21 17:29:28 - INFO - scheduled_energy_summary started.
2024-11-21 17:29:28 - INFO - Inserting record into EnergySummary
2024-11-21 17:29:28 - INFO - scheduled_energy_summary end
2024-11-21 17:30:28 - INFO - scheduled_equipment started.
2024-11-21 17:30:28 - INFO - Inserting into the equipment table
2024-11-21 17:30:28 - INFO - scheduled_equipment end
2024-11-21 17:30:28 - INFO - scheduled_energy_summary started.
2024-11-21 17:30:28 - INFO - Inserting record into EnergySummary
2024-11-21 17:30:28 - INFO - scheduled_energy_summary end
2024-11-21 17:31:28 - INFO - scheduled_equipment started.
2024-11-21 17:31:28 - INFO - Inserting into the equipment table
2024-11-21 17:31:28 - INFO - scheduled_equipment end
2024-11-21 17:31:28 - INFO - scheduled_energy_summary started.
2024-11-21 17:31:28 - INFO - Inserting record into EnergySummary
2024-11-21 17:31:28 - INFO - scheduled_energy_summary end
2024-11-21 17:32:28 - INFO - scheduled_equipment started.
2024-11-21 17:32:28 - INFO - Inserting into the equipment table
2024-11-21 17:32:28 - INFO - scheduled_equipment end
2024-11-21 17:32:28 - INFO - scheduled_energy_summary started.
2024-11-21 17:32:28 - INFO - Inserting record into EnergySummary
2024-11-21 17:32:28 - INFO - scheduled_energy_summary end
2024-11-21 17:33:29 - INFO - scheduled_equipment started.
2024-11-21 17:33:29 - INFO - Inserting into the equipment table
2024-11-21 17:33:29 - INFO - scheduled_equipment end
2024-11-21 17:33:29 - INFO - scheduled_energy_summary started.
2024-11-21 17:33:29 - INFO - Inserting record into EnergySummary
2024-11-21 17:33:29 - INFO - scheduled_energy_summary end
2024-11-21 17:34:29 - INFO - scheduled_equipment started.
2024-11-21 17:34:29 - INFO - Inserting into the equipment table
2024-11-21 17:34:29 - INFO - scheduled_equipment end
2024-11-21 17:34:29 - INFO - scheduled_energy_summary started.
2024-11-21 17:34:29 - INFO - Inserting record into EnergySummary
2024-11-21 17:34:29 - INFO - scheduled_energy_summary end
2024-11-21 17:35:29 - INFO - scheduled_equipment started.
2024-11-21 17:35:29 - INFO - Inserting into the equipment table
2024-11-21 17:35:29 - INFO - scheduled_equipment end
2024-11-21 17:35:29 - INFO - scheduled_energy_summary started.
2024-11-21 17:35:29 - INFO - Inserting record into EnergySummary
2024-11-21 17:35:29 - INFO - scheduled_energy_summary end
2024-11-21 17:36:29 - INFO - scheduled_equipment started.
2024-11-21 17:36:29 - INFO - Inserting into the equipment table
2024-11-21 17:36:29 - INFO - scheduled_equipment end
2024-11-21 17:36:29 - INFO - scheduled_energy_summary started.
2024-11-21 17:36:29 - INFO - Inserting record into EnergySummary
2024-11-21 17:36:29 - INFO - scheduled_energy_summary end
2024-11-21 17:37:29 - INFO - scheduled_equipment started.
2024-11-21 17:37:29 - INFO - Inserting into the equipment table
2024-11-21 17:37:29 - INFO - scheduled_equipment end
2024-11-21 17:37:29 - INFO - scheduled_energy_summary started.
2024-11-21 17:37:29 - INFO - Inserting record into EnergySummary
2024-11-21 17:37:29 - INFO - scheduled_energy_summary end
2024-11-21 17:38:29 - INFO - scheduled_equipment started.
2024-11-21 17:38:29 - INFO - Inserting into the equipment table
2024-11-21 17:38:29 - INFO - scheduled_equipment end
2024-11-21 17:38:29 - INFO - scheduled_energy_summary started.
2024-11-21 17:38:29 - INFO - Inserting record into EnergySummary
2024-11-21 17:38:29 - INFO - scheduled_energy_summary end
