2024-11-25 10:30:14 - INFO - Scheduler started.
2024-11-25 10:31:38 - INFO - Scheduler started.
2024-11-25 10:31:48 - INFO - scheduled_equipment started.
2024-11-25 10:31:48 - INFO - Inserting into the equipment table
2024-11-25 10:31:48 - INFO - scheduled_equipment end
2024-11-25 10:31:48 - INFO - scheduled_energy_summary started.
2024-11-25 10:31:48 - INFO - Inserting record into EnergySummary
2024-11-25 10:31:48 - INFO - scheduled_energy_summary end
2024-11-25 10:31:48 - INFO - scheduled_energy_hour started.
2024-11-25 10:31:49 - INFO - scheduled_energy_hour end
2024-11-25 10:31:49 - INFO - scheduled_energy_day started.
2024-11-25 10:31:49 - INFO - Inserting record into EnergyDay
2024-11-25 10:31:49 - INFO - scheduled_energy_day end
2024-11-25 10:31:59 - INFO - scheduled_equipment started.
2024-11-25 10:31:59 - INFO - Inserting into the equipment table
2024-11-25 10:31:59 - INFO - scheduled_equipment end
2024-11-25 10:31:59 - INFO - scheduled_energy_summary started.
2024-11-25 10:31:59 - INFO - Inserting record into EnergySummary
2024-11-25 10:31:59 - INFO - scheduled_energy_summary end
2024-11-25 10:31:59 - INFO - scheduled_energy_hour started.
2024-11-25 10:31:59 - INFO - scheduled_energy_hour end
2024-11-25 10:31:59 - INFO - scheduled_energy_day started.
2024-11-25 10:31:59 - INFO - Inserting record into EnergyDay
2024-11-25 10:31:59 - INFO - scheduled_energy_day end
2024-11-25 10:32:09 - INFO - scheduled_equipment started.
2024-11-25 10:32:10 - INFO - Inserting into the equipment table
2024-11-25 10:32:10 - INFO - scheduled_equipment end
2024-11-25 10:32:10 - INFO - scheduled_energy_summary started.
2024-11-25 10:32:10 - INFO - Inserting record into EnergySummary
2024-11-25 10:32:10 - INFO - scheduled_energy_summary end
2024-11-25 10:32:10 - INFO - scheduled_energy_hour started.
2024-11-25 10:32:10 - INFO - scheduled_energy_hour end
2024-11-25 10:32:10 - INFO - scheduled_energy_day started.
2024-11-25 10:32:10 - INFO - Inserting record into EnergyDay
2024-11-25 10:32:10 - INFO - scheduled_energy_day end
2024-11-25 10:32:20 - INFO - scheduled_equipment started.
2024-11-25 10:32:20 - INFO - Inserting into the equipment table
2024-11-25 10:32:20 - INFO - scheduled_equipment end
2024-11-25 10:32:20 - INFO - scheduled_energy_summary started.
2024-11-25 10:32:20 - INFO - Inserting record into EnergySummary
2024-11-25 10:32:20 - INFO - scheduled_energy_summary end
2024-11-25 10:32:20 - INFO - scheduled_energy_hour started.
2024-11-25 10:32:20 - INFO - scheduled_energy_hour end
2024-11-25 10:32:20 - INFO - scheduled_energy_day started.
2024-11-25 10:32:21 - INFO - Inserting record into EnergyDay
2024-11-25 10:32:21 - INFO - scheduled_energy_day end
2024-11-25 10:32:31 - INFO - scheduled_equipment started.
2024-11-25 10:32:31 - INFO - Inserting into the equipment table
2024-11-25 10:32:31 - INFO - scheduled_equipment end
2024-11-25 10:32:31 - INFO - scheduled_energy_summary started.
2024-11-25 10:32:31 - INFO - Inserting record into EnergySummary
2024-11-25 10:32:31 - INFO - scheduled_energy_summary end
2024-11-25 10:32:31 - INFO - scheduled_energy_hour started.
2024-11-25 10:32:31 - INFO - scheduled_energy_hour end
2024-11-25 10:32:31 - INFO - scheduled_energy_day started.
2024-11-25 10:32:31 - INFO - Inserting record into EnergyDay
2024-11-25 10:32:31 - INFO - scheduled_energy_day end
2024-11-25 10:32:41 - INFO - scheduled_equipment started.
2024-11-25 10:32:41 - INFO - Inserting into the equipment table
2024-11-25 10:32:41 - INFO - scheduled_equipment end
2024-11-25 10:32:41 - INFO - scheduled_energy_summary started.
2024-11-25 10:32:42 - INFO - Inserting record into EnergySummary
2024-11-25 10:32:42 - INFO - scheduled_energy_summary end
2024-11-25 10:32:42 - INFO - scheduled_energy_hour started.
2024-11-25 10:32:42 - INFO - scheduled_energy_hour end
2024-11-25 10:32:42 - INFO - scheduled_energy_day started.
2024-11-25 10:32:42 - INFO - Inserting record into EnergyDay
2024-11-25 10:32:42 - INFO - scheduled_energy_day end
2024-11-25 10:32:52 - INFO - scheduled_equipment started.
2024-11-25 10:32:52 - INFO - Inserting into the equipment table
2024-11-25 10:32:52 - INFO - scheduled_equipment end
2024-11-25 10:32:52 - INFO - scheduled_energy_summary started.
2024-11-25 10:32:52 - INFO - Inserting record into EnergySummary
2024-11-25 10:32:52 - INFO - scheduled_energy_summary end
2024-11-25 10:32:52 - INFO - scheduled_energy_hour started.
2024-11-25 10:32:52 - INFO - scheduled_energy_hour end
2024-11-25 10:32:52 - INFO - scheduled_energy_day started.
2024-11-25 10:32:52 - INFO - Inserting record into EnergyDay
2024-11-25 10:32:52 - INFO - scheduled_energy_day end
2024-11-25 10:33:02 - INFO - scheduled_equipment started.
2024-11-25 10:33:03 - INFO - Inserting into the equipment table
2024-11-25 10:33:03 - INFO - scheduled_equipment end
2024-11-25 10:33:03 - INFO - scheduled_energy_summary started.
2024-11-25 10:33:03 - INFO - Inserting record into EnergySummary
2024-11-25 10:33:03 - INFO - scheduled_energy_summary end
2024-11-25 10:33:03 - INFO - scheduled_energy_hour started.
2024-11-25 10:33:03 - INFO - scheduled_energy_hour end
2024-11-25 10:33:03 - INFO - scheduled_energy_day started.
2024-11-25 10:33:03 - INFO - Inserting record into EnergyDay
2024-11-25 10:33:03 - INFO - scheduled_energy_day end
2024-11-25 10:33:13 - INFO - scheduled_equipment started.
2024-11-25 10:33:13 - INFO - Inserting into the equipment table
2024-11-25 10:33:13 - INFO - scheduled_equipment end
2024-11-25 10:33:13 - INFO - scheduled_energy_summary started.
2024-11-25 10:33:13 - INFO - Inserting record into EnergySummary
2024-11-25 10:33:13 - INFO - scheduled_energy_summary end
2024-11-25 10:33:13 - INFO - scheduled_energy_hour started.
2024-11-25 10:33:14 - INFO - scheduled_energy_hour end
2024-11-25 10:33:14 - INFO - scheduled_energy_day started.
2024-11-25 10:33:14 - INFO - Inserting record into EnergyDay
2024-11-25 10:33:14 - INFO - scheduled_energy_day end
2024-11-25 10:33:40 - INFO - Scheduler started.
2024-11-25 10:33:50 - INFO - scheduled_equipment started.
2024-11-25 10:33:51 - INFO - Inserting into the equipment table
2024-11-25 10:33:51 - INFO - scheduled_equipment end
2024-11-25 10:33:51 - INFO - scheduled_energy_summary started.
2024-11-25 10:33:51 - INFO - Inserting record into EnergySummary
2024-11-25 10:33:51 - INFO - scheduled_energy_summary end
2024-11-25 10:33:51 - INFO - scheduled_energy_hour started.
2024-11-25 10:33:51 - INFO - scheduled_energy_hour end
2024-11-25 10:33:51 - INFO - scheduled_energy_day started.
2024-11-25 10:33:51 - INFO - Inserting record into EnergyDay
2024-11-25 10:33:51 - INFO - scheduled_energy_day end
2024-11-25 10:35:13 - INFO - Scheduler started.
2024-11-25 10:35:23 - INFO - scheduled_equipment started.
2024-11-25 10:35:23 - INFO - Inserting into the equipment table
2024-11-25 10:35:23 - INFO - scheduled_equipment end
2024-11-25 10:35:23 - INFO - scheduled_energy_summary started.
2024-11-25 10:35:23 - INFO - Inserting record into EnergySummary
2024-11-25 10:35:23 - INFO - scheduled_energy_summary end
2024-11-25 10:35:23 - INFO - scheduled_energy_hour started.
2024-11-25 10:35:24 - INFO - scheduled_energy_hour end
2024-11-25 10:35:24 - INFO - scheduled_energy_day started.
2024-11-25 10:35:24 - INFO - Inserting record into EnergyDay
2024-11-25 10:35:24 - INFO - scheduled_energy_day end
2024-11-25 10:37:01 - INFO - Scheduler started.
2024-11-25 10:37:11 - INFO - scheduled_equipment started.
2024-11-25 10:37:12 - INFO - Inserting into the equipment table
2024-11-25 10:37:12 - INFO - scheduled_equipment end
2024-11-25 10:37:12 - INFO - scheduled_energy_summary started.
2024-11-25 10:37:12 - INFO - Inserting record into EnergySummary
2024-11-25 10:37:12 - INFO - scheduled_energy_summary end
2024-11-25 10:37:12 - INFO - scheduled_energy_hour started.
2024-11-25 10:37:12 - INFO - scheduled_energy_hour end
2024-11-25 10:37:12 - INFO - scheduled_energy_day started.
2024-11-25 10:37:12 - INFO - scheduled_energy_day end
2024-11-25 10:37:22 - INFO - scheduled_equipment started.
2024-11-25 10:37:22 - INFO - Inserting into the equipment table
2024-11-25 10:37:22 - INFO - scheduled_equipment end
2024-11-25 10:37:22 - INFO - scheduled_energy_summary started.
2024-11-25 10:37:22 - INFO - Inserting record into EnergySummary
2024-11-25 10:37:22 - INFO - scheduled_energy_summary end
2024-11-25 10:37:22 - INFO - scheduled_energy_hour started.
2024-11-25 10:37:22 - INFO - scheduled_energy_hour end
2024-11-25 10:37:22 - INFO - scheduled_energy_day started.
2024-11-25 10:37:22 - INFO - scheduled_energy_day end
2024-11-25 10:37:32 - INFO - scheduled_equipment started.
2024-11-25 10:37:33 - INFO - Inserting into the equipment table
2024-11-25 10:37:33 - INFO - scheduled_equipment end
2024-11-25 10:37:33 - INFO - scheduled_energy_summary started.
2024-11-25 10:37:33 - INFO - Inserting record into EnergySummary
2024-11-25 10:37:33 - INFO - scheduled_energy_summary end
2024-11-25 10:37:33 - INFO - scheduled_energy_hour started.
2024-11-25 10:37:33 - INFO - scheduled_energy_hour end
2024-11-25 10:37:33 - INFO - scheduled_energy_day started.
2024-11-25 10:37:33 - INFO - scheduled_energy_day end
2024-11-25 10:37:43 - INFO - scheduled_equipment started.
2024-11-25 10:37:43 - INFO - Inserting into the equipment table
2024-11-25 10:37:43 - INFO - scheduled_equipment end
2024-11-25 10:37:43 - INFO - scheduled_energy_summary started.
2024-11-25 10:37:44 - INFO - Inserting record into EnergySummary
2024-11-25 10:37:44 - INFO - scheduled_energy_summary end
2024-11-25 10:37:44 - INFO - scheduled_energy_hour started.
2024-11-25 10:37:44 - INFO - scheduled_energy_hour end
2024-11-25 10:37:44 - INFO - scheduled_energy_day started.
2024-11-25 10:37:44 - INFO - scheduled_energy_day end
2024-11-25 10:37:54 - INFO - scheduled_equipment started.
2024-11-25 10:37:54 - INFO - Inserting into the equipment table
2024-11-25 10:37:54 - INFO - scheduled_equipment end
2024-11-25 10:37:54 - INFO - scheduled_energy_summary started.
2024-11-25 10:37:54 - INFO - Inserting record into EnergySummary
2024-11-25 10:37:54 - INFO - scheduled_energy_summary end
2024-11-25 10:37:54 - INFO - scheduled_energy_hour started.
2024-11-25 10:37:54 - INFO - scheduled_energy_hour end
2024-11-25 10:37:54 - INFO - scheduled_energy_day started.
2024-11-25 10:37:54 - INFO - scheduled_energy_day end
2024-11-25 10:38:04 - INFO - scheduled_equipment started.
2024-11-25 10:38:05 - INFO - Inserting into the equipment table
2024-11-25 10:38:05 - INFO - scheduled_equipment end
2024-11-25 10:38:05 - INFO - scheduled_energy_summary started.
2024-11-25 10:38:05 - INFO - Inserting record into EnergySummary
2024-11-25 10:38:05 - INFO - scheduled_energy_summary end
2024-11-25 10:38:05 - INFO - scheduled_energy_hour started.
2024-11-25 10:38:05 - INFO - scheduled_energy_hour end
2024-11-25 10:38:05 - INFO - scheduled_energy_day started.
2024-11-25 10:38:05 - INFO - scheduled_energy_day end
2024-11-25 10:38:15 - INFO - scheduled_equipment started.
2024-11-25 10:38:15 - INFO - Inserting into the equipment table
2024-11-25 10:38:15 - INFO - scheduled_equipment end
2024-11-25 10:38:15 - INFO - scheduled_energy_summary started.
2024-11-25 10:38:15 - INFO - Inserting record into EnergySummary
2024-11-25 10:38:15 - INFO - scheduled_energy_summary end
2024-11-25 10:38:15 - INFO - scheduled_energy_hour started.
2024-11-25 10:38:15 - INFO - scheduled_energy_hour end
2024-11-25 10:38:15 - INFO - scheduled_energy_day started.
2024-11-25 10:38:15 - INFO - scheduled_energy_day end
2024-11-25 10:38:25 - INFO - scheduled_equipment started.
2024-11-25 10:38:26 - INFO - Inserting into the equipment table
2024-11-25 10:38:26 - INFO - scheduled_equipment end
2024-11-25 10:38:26 - INFO - scheduled_energy_summary started.
2024-11-25 10:38:26 - INFO - Inserting record into EnergySummary
2024-11-25 10:38:26 - INFO - scheduled_energy_summary end
2024-11-25 10:38:26 - INFO - scheduled_energy_hour started.
2024-11-25 10:38:26 - INFO - scheduled_energy_hour end
2024-11-25 10:38:26 - INFO - scheduled_energy_day started.
2024-11-25 10:38:26 - INFO - scheduled_energy_day end
2024-11-25 10:38:36 - INFO - scheduled_equipment started.
2024-11-25 10:38:36 - INFO - Inserting into the equipment table
2024-11-25 10:38:36 - INFO - scheduled_equipment end
2024-11-25 10:38:36 - INFO - scheduled_energy_summary started.
2024-11-25 10:38:36 - INFO - Inserting record into EnergySummary
2024-11-25 10:38:36 - INFO - scheduled_energy_summary end
2024-11-25 10:38:36 - INFO - scheduled_energy_hour started.
2024-11-25 10:38:37 - INFO - scheduled_energy_hour end
2024-11-25 10:38:37 - INFO - scheduled_energy_day started.
2024-11-25 10:38:37 - INFO - scheduled_energy_day end
2024-11-25 10:51:51 - INFO - Scheduler started.
2024-11-25 10:52:01 - INFO - scheduled_equipment started.
2024-11-25 10:52:02 - INFO - Inserting into the equipment table
2024-11-25 10:52:02 - INFO - scheduled_equipment end
2024-11-25 10:52:02 - INFO - scheduled_energy_summary started.
2024-11-25 10:52:02 - INFO - scheduled_energy_summary end
2024-11-25 10:52:02 - INFO - scheduled_energy_hour started.
2024-11-25 10:52:02 - INFO - scheduled_energy_hour end
2024-11-25 10:52:02 - INFO - scheduled_energy_day started.
2024-11-25 10:52:02 - INFO - scheduled_energy_day end
2024-11-25 10:52:12 - INFO - scheduled_equipment started.
2024-11-25 10:52:13 - INFO - Inserting into the equipment table
2024-11-25 10:52:13 - INFO - scheduled_equipment end
2024-11-25 10:52:13 - INFO - scheduled_energy_summary started.
2024-11-25 10:52:13 - INFO - scheduled_energy_summary end
2024-11-25 10:52:13 - INFO - scheduled_energy_hour started.
2024-11-25 10:52:13 - INFO - scheduled_energy_hour end
2024-11-25 10:52:13 - INFO - scheduled_energy_day started.
2024-11-25 10:52:13 - INFO - scheduled_energy_day end
2024-11-25 10:52:23 - INFO - scheduled_equipment started.
2024-11-25 10:52:24 - INFO - Inserting into the equipment table
2024-11-25 10:52:24 - INFO - scheduled_equipment end
2024-11-25 10:52:24 - INFO - scheduled_energy_summary started.
2024-11-25 10:52:24 - INFO - scheduled_energy_summary end
2024-11-25 10:52:24 - INFO - scheduled_energy_hour started.
2024-11-25 10:52:24 - INFO - scheduled_energy_hour end
2024-11-25 10:52:24 - INFO - scheduled_energy_day started.
2024-11-25 10:52:24 - INFO - scheduled_energy_day end
2024-11-25 10:52:34 - INFO - scheduled_equipment started.
2024-11-25 10:52:34 - INFO - Inserting into the equipment table
2024-11-25 10:52:34 - INFO - scheduled_equipment end
2024-11-25 10:52:34 - INFO - scheduled_energy_summary started.
2024-11-25 10:52:34 - INFO - scheduled_energy_summary end
2024-11-25 10:52:34 - INFO - scheduled_energy_hour started.
2024-11-25 10:52:35 - INFO - scheduled_energy_hour end
2024-11-25 10:52:35 - INFO - scheduled_energy_day started.
2024-11-25 10:52:35 - INFO - scheduled_energy_day end
2024-11-25 10:52:45 - INFO - scheduled_equipment started.
2024-11-25 10:52:45 - INFO - Inserting into the equipment table
2024-11-25 10:52:45 - INFO - scheduled_equipment end
2024-11-25 10:52:45 - INFO - scheduled_energy_summary started.
2024-11-25 10:52:45 - INFO - scheduled_energy_summary end
2024-11-25 10:52:45 - INFO - scheduled_energy_hour started.
2024-11-25 10:52:46 - INFO - scheduled_energy_hour end
2024-11-25 10:52:46 - INFO - scheduled_energy_day started.
2024-11-25 10:52:46 - INFO - scheduled_energy_day end
2024-11-25 10:52:56 - INFO - scheduled_equipment started.
2024-11-25 10:52:56 - INFO - Inserting into the equipment table
2024-11-25 10:52:56 - INFO - scheduled_equipment end
2024-11-25 10:52:56 - INFO - scheduled_energy_summary started.
2024-11-25 10:52:56 - INFO - scheduled_energy_summary end
2024-11-25 10:52:56 - INFO - scheduled_energy_hour started.
2024-11-25 10:52:56 - INFO - scheduled_energy_hour end
2024-11-25 10:52:56 - INFO - scheduled_energy_day started.
2024-11-25 10:52:57 - INFO - scheduled_energy_day end
2024-11-25 10:53:07 - INFO - scheduled_equipment started.
2024-11-25 10:53:07 - INFO - Inserting into the equipment table
2024-11-25 10:53:07 - INFO - scheduled_equipment end
2024-11-25 10:53:07 - INFO - scheduled_energy_summary started.
2024-11-25 10:53:07 - INFO - scheduled_energy_summary end
2024-11-25 10:53:07 - INFO - scheduled_energy_hour started.
2024-11-25 10:53:07 - INFO - scheduled_energy_hour end
2024-11-25 10:53:07 - INFO - scheduled_energy_day started.
2024-11-25 10:53:07 - INFO - scheduled_energy_day end
2024-11-25 10:53:17 - INFO - scheduled_equipment started.
2024-11-25 10:53:18 - INFO - Inserting into the equipment table
2024-11-25 10:53:18 - INFO - scheduled_equipment end
2024-11-25 10:53:18 - INFO - scheduled_energy_summary started.
2024-11-25 10:53:18 - INFO - scheduled_energy_summary end
2024-11-25 10:53:18 - INFO - scheduled_energy_hour started.
2024-11-25 10:53:18 - INFO - scheduled_energy_hour end
2024-11-25 10:53:18 - INFO - scheduled_energy_day started.
2024-11-25 10:53:18 - INFO - scheduled_energy_day end
2024-11-25 10:53:28 - INFO - scheduled_equipment started.
2024-11-25 10:53:29 - INFO - Inserting into the equipment table
2024-11-25 10:53:29 - INFO - scheduled_equipment end
2024-11-25 10:53:29 - INFO - scheduled_energy_summary started.
2024-11-25 10:53:29 - INFO - scheduled_energy_summary end
2024-11-25 10:53:29 - INFO - scheduled_energy_hour started.
2024-11-25 10:53:29 - INFO - scheduled_energy_hour end
2024-11-25 10:53:29 - INFO - scheduled_energy_day started.
2024-11-25 10:53:29 - INFO - scheduled_energy_day end
2024-11-25 10:53:39 - INFO - scheduled_equipment started.
2024-11-25 10:53:39 - INFO - Inserting into the equipment table
2024-11-25 10:53:39 - INFO - scheduled_equipment end
2024-11-25 10:53:39 - INFO - scheduled_energy_summary started.
2024-11-25 10:53:39 - INFO - scheduled_energy_summary end
2024-11-25 10:53:39 - INFO - scheduled_energy_hour started.
2024-11-25 10:53:40 - INFO - scheduled_energy_hour end
2024-11-25 10:53:40 - INFO - scheduled_energy_day started.
2024-11-25 10:53:40 - INFO - scheduled_energy_day end
2024-11-25 10:53:50 - INFO - scheduled_equipment started.
2024-11-25 10:53:50 - INFO - Inserting into the equipment table
2024-11-25 10:53:50 - INFO - scheduled_equipment end
2024-11-25 10:53:50 - INFO - scheduled_energy_summary started.
2024-11-25 10:53:50 - INFO - scheduled_energy_summary end
2024-11-25 10:53:50 - INFO - scheduled_energy_hour started.
2024-11-25 10:53:51 - INFO - scheduled_energy_hour end
2024-11-25 10:53:51 - INFO - scheduled_energy_day started.
2024-11-25 10:53:51 - INFO - scheduled_energy_day end
2024-11-25 10:54:01 - INFO - scheduled_equipment started.
2024-11-25 10:54:01 - INFO - Inserting into the equipment table
2024-11-25 10:54:01 - INFO - scheduled_equipment end
2024-11-25 10:54:01 - INFO - scheduled_energy_summary started.
2024-11-25 10:54:01 - INFO - scheduled_energy_summary end
2024-11-25 10:54:01 - INFO - scheduled_energy_hour started.
2024-11-25 10:54:01 - INFO - scheduled_energy_hour end
2024-11-25 10:54:01 - INFO - scheduled_energy_day started.
2024-11-25 10:54:01 - INFO - scheduled_energy_day end
2024-11-25 10:54:11 - INFO - scheduled_equipment started.
2024-11-25 10:54:12 - INFO - Inserting into the equipment table
2024-11-25 10:54:12 - INFO - scheduled_equipment end
2024-11-25 10:54:12 - INFO - scheduled_energy_summary started.
2024-11-25 10:54:12 - INFO - scheduled_energy_summary end
2024-11-25 10:54:12 - INFO - scheduled_energy_hour started.
2024-11-25 10:54:12 - INFO - scheduled_energy_hour end
2024-11-25 10:54:12 - INFO - scheduled_energy_day started.
2024-11-25 10:54:12 - INFO - scheduled_energy_day end
2024-11-25 10:54:22 - INFO - scheduled_equipment started.
2024-11-25 10:54:23 - INFO - Inserting into the equipment table
2024-11-25 10:54:23 - INFO - scheduled_equipment end
2024-11-25 10:54:23 - INFO - scheduled_energy_summary started.
2024-11-25 10:54:23 - INFO - scheduled_energy_summary end
2024-11-25 10:54:23 - INFO - scheduled_energy_hour started.
2024-11-25 10:54:23 - INFO - scheduled_energy_hour end
2024-11-25 10:54:23 - INFO - scheduled_energy_day started.
2024-11-25 10:54:23 - INFO - scheduled_energy_day end
2024-11-25 10:54:33 - INFO - scheduled_equipment started.
2024-11-25 10:54:34 - INFO - Inserting into the equipment table
2024-11-25 10:54:34 - INFO - scheduled_equipment end
2024-11-25 10:54:34 - INFO - scheduled_energy_summary started.
2024-11-25 10:54:34 - INFO - scheduled_energy_summary end
2024-11-25 10:54:34 - INFO - scheduled_energy_hour started.
2024-11-25 10:54:34 - INFO - scheduled_energy_hour end
2024-11-25 10:54:34 - INFO - scheduled_energy_day started.
2024-11-25 10:54:34 - INFO - scheduled_energy_day end
2024-11-25 10:54:44 - INFO - scheduled_equipment started.
2024-11-25 10:54:45 - INFO - Inserting into the equipment table
2024-11-25 10:54:45 - INFO - scheduled_equipment end
2024-11-25 10:54:45 - INFO - scheduled_energy_summary started.
2024-11-25 10:54:45 - INFO - scheduled_energy_summary end
2024-11-25 10:54:45 - INFO - scheduled_energy_hour started.
2024-11-25 10:54:45 - INFO - scheduled_energy_hour end
2024-11-25 10:54:45 - INFO - scheduled_energy_day started.
2024-11-25 10:54:45 - INFO - scheduled_energy_day end
2024-11-25 10:54:55 - INFO - scheduled_equipment started.
2024-11-25 10:54:55 - INFO - Inserting into the equipment table
2024-11-25 10:54:55 - INFO - scheduled_equipment end
2024-11-25 10:54:55 - INFO - scheduled_energy_summary started.
2024-11-25 10:54:56 - INFO - scheduled_energy_summary end
2024-11-25 10:54:56 - INFO - scheduled_energy_hour started.
2024-11-25 10:54:56 - INFO - scheduled_energy_hour end
2024-11-25 10:54:56 - INFO - scheduled_energy_day started.
2024-11-25 10:54:56 - INFO - scheduled_energy_day end
2024-11-25 10:55:06 - INFO - scheduled_equipment started.
2024-11-25 10:55:07 - INFO - Inserting into the equipment table
2024-11-25 10:55:07 - INFO - scheduled_equipment end
2024-11-25 10:55:07 - INFO - scheduled_energy_summary started.
2024-11-25 10:55:07 - INFO - scheduled_energy_summary end
2024-11-25 10:55:07 - INFO - scheduled_energy_hour started.
2024-11-25 10:55:07 - INFO - scheduled_energy_hour end
2024-11-25 10:55:07 - INFO - scheduled_energy_day started.
2024-11-25 10:55:07 - INFO - scheduled_energy_day end
2024-11-25 10:55:17 - INFO - scheduled_equipment started.
2024-11-25 10:55:18 - INFO - Inserting into the equipment table
2024-11-25 10:55:18 - INFO - scheduled_equipment end
2024-11-25 10:55:18 - INFO - scheduled_energy_summary started.
2024-11-25 10:55:18 - INFO - scheduled_energy_summary end
2024-11-25 10:55:18 - INFO - scheduled_energy_hour started.
2024-11-25 10:55:18 - INFO - scheduled_energy_hour end
2024-11-25 10:55:18 - INFO - scheduled_energy_day started.
2024-11-25 10:55:18 - INFO - scheduled_energy_day end
2024-11-25 10:55:28 - INFO - scheduled_equipment started.
2024-11-25 10:55:28 - INFO - Inserting into the equipment table
2024-11-25 10:55:28 - INFO - scheduled_equipment end
2024-11-25 10:55:28 - INFO - scheduled_energy_summary started.
2024-11-25 10:55:29 - INFO - scheduled_energy_summary end
2024-11-25 10:55:29 - INFO - scheduled_energy_hour started.
2024-11-25 10:55:29 - INFO - scheduled_energy_hour end
2024-11-25 10:55:29 - INFO - scheduled_energy_day started.
2024-11-25 10:55:29 - INFO - scheduled_energy_day end
2024-11-25 10:55:39 - INFO - scheduled_equipment started.
2024-11-25 10:55:39 - INFO - Inserting into the equipment table
2024-11-25 10:55:39 - INFO - scheduled_equipment end
2024-11-25 10:55:39 - INFO - scheduled_energy_summary started.
2024-11-25 10:55:39 - INFO - scheduled_energy_summary end
2024-11-25 10:55:39 - INFO - scheduled_energy_hour started.
2024-11-25 10:55:40 - INFO - scheduled_energy_hour end
2024-11-25 10:55:40 - INFO - scheduled_energy_day started.
2024-11-25 10:55:40 - INFO - scheduled_energy_day end
2024-11-25 10:55:50 - INFO - scheduled_equipment started.
2024-11-25 10:55:50 - INFO - Inserting into the equipment table
2024-11-25 10:55:50 - INFO - scheduled_equipment end
2024-11-25 10:55:50 - INFO - scheduled_energy_summary started.
2024-11-25 10:55:50 - INFO - scheduled_energy_summary end
2024-11-25 10:55:50 - INFO - scheduled_energy_hour started.
2024-11-25 10:55:51 - INFO - scheduled_energy_hour end
2024-11-25 10:55:51 - INFO - scheduled_energy_day started.
2024-11-25 10:55:51 - INFO - scheduled_energy_day end
2024-11-25 10:56:01 - INFO - scheduled_equipment started.
2024-11-25 10:56:01 - INFO - Inserting into the equipment table
2024-11-25 10:56:01 - INFO - scheduled_equipment end
2024-11-25 10:56:01 - INFO - scheduled_energy_summary started.
2024-11-25 10:56:01 - INFO - scheduled_energy_summary end
2024-11-25 10:56:01 - INFO - scheduled_energy_hour started.
2024-11-25 10:56:02 - INFO - scheduled_energy_hour end
2024-11-25 10:56:02 - INFO - scheduled_energy_day started.
2024-11-25 10:56:02 - INFO - scheduled_energy_day end
2024-11-25 10:56:12 - INFO - scheduled_equipment started.
2024-11-25 10:56:12 - INFO - Inserting into the equipment table
2024-11-25 10:56:12 - INFO - scheduled_equipment end
2024-11-25 10:56:12 - INFO - scheduled_energy_summary started.
2024-11-25 10:56:12 - INFO - scheduled_energy_summary end
2024-11-25 10:56:12 - INFO - scheduled_energy_hour started.
2024-11-25 10:56:13 - INFO - scheduled_energy_hour end
2024-11-25 10:56:13 - INFO - scheduled_energy_day started.
2024-11-25 10:56:13 - INFO - scheduled_energy_day end
2024-11-25 10:56:23 - INFO - scheduled_equipment started.
2024-11-25 10:56:23 - INFO - Inserting into the equipment table
2024-11-25 10:56:23 - INFO - scheduled_equipment end
2024-11-25 10:56:23 - INFO - scheduled_energy_summary started.
2024-11-25 10:56:23 - INFO - scheduled_energy_summary end
2024-11-25 10:56:23 - INFO - scheduled_energy_hour started.
2024-11-25 10:56:23 - INFO - scheduled_energy_hour end
2024-11-25 10:56:23 - INFO - scheduled_energy_day started.
2024-11-25 10:56:23 - INFO - scheduled_energy_day end
2024-11-25 10:56:33 - INFO - scheduled_equipment started.
2024-11-25 10:56:34 - INFO - Inserting into the equipment table
2024-11-25 10:56:34 - INFO - scheduled_equipment end
2024-11-25 10:56:34 - INFO - scheduled_energy_summary started.
2024-11-25 10:56:34 - INFO - scheduled_energy_summary end
2024-11-25 10:56:34 - INFO - scheduled_energy_hour started.
2024-11-25 10:56:34 - INFO - scheduled_energy_hour end
2024-11-25 10:56:34 - INFO - scheduled_energy_day started.
2024-11-25 10:56:34 - INFO - scheduled_energy_day end
2024-11-25 10:56:44 - INFO - scheduled_equipment started.
2024-11-25 10:56:45 - INFO - Inserting into the equipment table
2024-11-25 10:56:45 - INFO - scheduled_equipment end
2024-11-25 10:56:45 - INFO - scheduled_energy_summary started.
2024-11-25 10:56:45 - INFO - scheduled_energy_summary end
2024-11-25 10:56:45 - INFO - scheduled_energy_hour started.
2024-11-25 10:56:45 - INFO - scheduled_energy_hour end
2024-11-25 10:56:45 - INFO - scheduled_energy_day started.
2024-11-25 10:56:45 - INFO - scheduled_energy_day end
2024-11-25 10:56:55 - INFO - scheduled_equipment started.
2024-11-25 10:56:56 - INFO - Inserting into the equipment table
2024-11-25 10:56:56 - INFO - scheduled_equipment end
2024-11-25 10:56:56 - INFO - scheduled_energy_summary started.
2024-11-25 10:56:56 - INFO - scheduled_energy_summary end
2024-11-25 10:56:56 - INFO - scheduled_energy_hour started.
2024-11-25 10:56:56 - INFO - scheduled_energy_hour end
2024-11-25 10:56:56 - INFO - scheduled_energy_day started.
2024-11-25 10:56:56 - INFO - scheduled_energy_day end
2024-11-25 10:57:06 - INFO - scheduled_equipment started.
2024-11-25 10:57:06 - INFO - Inserting into the equipment table
2024-11-25 10:57:06 - INFO - scheduled_equipment end
2024-11-25 10:57:06 - INFO - scheduled_energy_summary started.
2024-11-25 10:57:07 - INFO - scheduled_energy_summary end
2024-11-25 10:57:07 - INFO - scheduled_energy_hour started.
2024-11-25 10:57:07 - INFO - scheduled_energy_hour end
2024-11-25 10:57:07 - INFO - scheduled_energy_day started.
2024-11-25 10:57:07 - INFO - scheduled_energy_day end
2024-11-25 10:57:17 - INFO - scheduled_equipment started.
2024-11-25 10:57:17 - INFO - Inserting into the equipment table
2024-11-25 10:57:17 - INFO - scheduled_equipment end
2024-11-25 10:57:17 - INFO - scheduled_energy_summary started.
2024-11-25 10:57:17 - INFO - scheduled_energy_summary end
2024-11-25 10:57:17 - INFO - scheduled_energy_hour started.
2024-11-25 10:57:18 - INFO - scheduled_energy_hour end
2024-11-25 10:57:18 - INFO - scheduled_energy_day started.
2024-11-25 10:57:18 - INFO - scheduled_energy_day end
2024-11-25 10:57:28 - INFO - scheduled_equipment started.
2024-11-25 10:57:28 - INFO - Inserting into the equipment table
2024-11-25 10:57:28 - INFO - scheduled_equipment end
2024-11-25 10:57:28 - INFO - scheduled_energy_summary started.
2024-11-25 10:57:28 - INFO - scheduled_energy_summary end
2024-11-25 10:57:28 - INFO - scheduled_energy_hour started.
2024-11-25 10:57:28 - INFO - scheduled_energy_hour end
2024-11-25 10:57:28 - INFO - scheduled_energy_day started.
2024-11-25 10:57:28 - INFO - scheduled_energy_day end
2024-11-25 10:57:38 - INFO - scheduled_equipment started.
2024-11-25 10:57:39 - INFO - Inserting into the equipment table
2024-11-25 10:57:39 - INFO - scheduled_equipment end
2024-11-25 10:57:39 - INFO - scheduled_energy_summary started.
2024-11-25 10:57:39 - INFO - scheduled_energy_summary end
2024-11-25 10:57:39 - INFO - scheduled_energy_hour started.
2024-11-25 10:57:39 - INFO - scheduled_energy_hour end
2024-11-25 10:57:39 - INFO - scheduled_energy_day started.
2024-11-25 10:57:39 - INFO - scheduled_energy_day end
2024-11-25 10:57:49 - INFO - scheduled_equipment started.
2024-11-25 10:57:50 - INFO - Inserting into the equipment table
2024-11-25 10:57:50 - INFO - scheduled_equipment end
2024-11-25 10:57:50 - INFO - scheduled_energy_summary started.
2024-11-25 10:57:50 - INFO - scheduled_energy_summary end
2024-11-25 10:57:50 - INFO - scheduled_energy_hour started.
2024-11-25 10:57:50 - INFO - scheduled_energy_hour end
2024-11-25 10:57:50 - INFO - scheduled_energy_day started.
2024-11-25 10:57:50 - INFO - scheduled_energy_day end
2024-11-25 10:58:00 - INFO - scheduled_equipment started.
2024-11-25 10:58:01 - INFO - Inserting into the equipment table
2024-11-25 10:58:01 - INFO - scheduled_equipment end
2024-11-25 10:58:01 - INFO - scheduled_energy_summary started.
2024-11-25 10:58:01 - INFO - scheduled_energy_summary end
2024-11-25 10:58:01 - INFO - scheduled_energy_hour started.
2024-11-25 10:58:01 - INFO - scheduled_energy_hour end
2024-11-25 10:58:01 - INFO - scheduled_energy_day started.
2024-11-25 10:58:01 - INFO - scheduled_energy_day end
2024-11-25 10:58:11 - INFO - scheduled_equipment started.
2024-11-25 10:58:11 - INFO - Inserting into the equipment table
2024-11-25 10:58:11 - INFO - scheduled_equipment end
2024-11-25 10:58:11 - INFO - scheduled_energy_summary started.
2024-11-25 10:58:11 - INFO - scheduled_energy_summary end
2024-11-25 10:58:11 - INFO - scheduled_energy_hour started.
2024-11-25 10:58:12 - INFO - scheduled_energy_hour end
2024-11-25 10:58:12 - INFO - scheduled_energy_day started.
2024-11-25 10:58:12 - INFO - scheduled_energy_day end
2024-11-25 10:58:22 - INFO - scheduled_equipment started.
2024-11-25 10:58:22 - INFO - Inserting into the equipment table
2024-11-25 10:58:22 - INFO - scheduled_equipment end
2024-11-25 10:58:22 - INFO - scheduled_energy_summary started.
2024-11-25 10:58:22 - INFO - scheduled_energy_summary end
2024-11-25 10:58:22 - INFO - scheduled_energy_hour started.
2024-11-25 10:58:23 - INFO - scheduled_energy_hour end
2024-11-25 10:58:23 - INFO - scheduled_energy_day started.
2024-11-25 10:58:23 - INFO - scheduled_energy_day end
2024-11-25 10:58:33 - INFO - scheduled_equipment started.
2024-11-25 10:58:33 - INFO - Inserting into the equipment table
2024-11-25 10:58:33 - INFO - scheduled_equipment end
2024-11-25 10:58:33 - INFO - scheduled_energy_summary started.
2024-11-25 10:58:33 - INFO - scheduled_energy_summary end
2024-11-25 10:58:33 - INFO - scheduled_energy_hour started.
2024-11-25 10:58:33 - INFO - scheduled_energy_hour end
2024-11-25 10:58:33 - INFO - scheduled_energy_day started.
2024-11-25 10:58:34 - INFO - scheduled_energy_day end
2024-11-25 11:06:51 - INFO - Scheduler started.
2024-11-25 11:07:01 - INFO - scheduled_energy_day started.
2024-11-25 11:07:01 - INFO - scheduled_energy_day end
2024-11-25 11:07:11 - INFO - scheduled_energy_day started.
2024-11-25 11:07:11 - INFO - scheduled_energy_day end
2024-11-25 11:07:21 - INFO - scheduled_energy_day started.
2024-11-25 11:07:21 - INFO - scheduled_energy_day end
2024-11-25 11:08:30 - INFO - Scheduler started.
2024-11-25 11:08:31 - INFO - scheduled_energy_day started.
2024-11-25 11:08:32 - INFO - scheduled_energy_day end
2024-11-25 11:08:33 - INFO - scheduled_energy_day started.
2024-11-25 11:08:33 - INFO - scheduled_energy_day end
2024-11-25 11:08:34 - INFO - scheduled_energy_day started.
2024-11-25 11:08:34 - INFO - scheduled_energy_day end
2024-11-25 11:08:35 - INFO - scheduled_energy_day started.
2024-11-25 11:08:35 - INFO - scheduled_energy_day end
2024-11-25 11:08:36 - INFO - scheduled_energy_day started.
2024-11-25 11:08:36 - INFO - scheduled_energy_day end
2024-11-25 11:08:37 - INFO - scheduled_energy_day started.
2024-11-25 11:08:37 - INFO - scheduled_energy_day end
2024-11-25 11:08:38 - INFO - scheduled_energy_day started.
2024-11-25 11:08:38 - INFO - scheduled_energy_day end
2024-11-25 11:08:39 - INFO - scheduled_energy_day started.
2024-11-25 11:08:39 - INFO - scheduled_energy_day end
2024-11-25 11:08:40 - INFO - scheduled_energy_day started.
2024-11-25 11:08:41 - INFO - scheduled_energy_day end
2024-11-25 11:08:42 - INFO - scheduled_energy_day started.
2024-11-25 11:08:42 - INFO - scheduled_energy_day end
2024-11-25 11:08:43 - INFO - scheduled_energy_day started.
2024-11-25 11:08:43 - INFO - scheduled_energy_day end
2024-11-25 11:08:44 - INFO - scheduled_energy_day started.
2024-11-25 11:08:44 - INFO - scheduled_energy_day end
2024-11-25 11:08:45 - INFO - scheduled_energy_day started.
2024-11-25 11:08:45 - INFO - scheduled_energy_day end
2024-11-25 11:09:31 - INFO - Scheduler started.
2024-11-25 11:09:32 - INFO - scheduled_energy_day started.
2024-11-25 11:09:32 - INFO - scheduled_energy_day end
2024-11-25 11:09:33 - INFO - scheduled_energy_day started.
2024-11-25 11:09:33 - INFO - scheduled_energy_day end
2024-11-25 11:09:34 - INFO - scheduled_energy_day started.
2024-11-25 11:09:34 - INFO - scheduled_energy_day end
2024-11-25 11:09:35 - INFO - scheduled_energy_day started.
2024-11-25 11:09:35 - INFO - scheduled_energy_day end
2024-11-25 11:09:36 - INFO - scheduled_energy_day started.
2024-11-25 11:09:37 - INFO - scheduled_energy_day end
2024-11-25 11:09:38 - INFO - scheduled_energy_day started.
2024-11-25 11:09:38 - INFO - scheduled_energy_day end
2024-11-25 11:09:39 - INFO - scheduled_energy_day started.
2024-11-25 11:09:39 - INFO - scheduled_energy_day end
2024-11-25 11:09:40 - INFO - scheduled_energy_day started.
2024-11-25 11:09:40 - INFO - scheduled_energy_day end
2024-11-25 11:09:41 - INFO - scheduled_energy_day started.
2024-11-25 11:09:41 - INFO - scheduled_energy_day end
2024-11-25 11:09:42 - INFO - scheduled_energy_day started.
2024-11-25 11:09:42 - INFO - scheduled_energy_day end
2024-11-25 11:09:55 - INFO - Scheduler started.
2024-11-25 11:09:56 - INFO - scheduled_energy_day started.
2024-11-25 11:09:57 - INFO - scheduled_energy_day end
2024-11-25 11:09:58 - INFO - scheduled_energy_day started.
2024-11-25 11:09:58 - INFO - scheduled_energy_day end
2024-11-25 11:10:21 - INFO - Scheduler started.
2024-11-25 11:10:22 - INFO - scheduled_energy_day started.
2024-11-25 11:10:22 - INFO - Inserting record into EnergyDay
2024-11-25 11:10:22 - INFO - scheduled_energy_day end
2024-11-25 11:10:23 - INFO - scheduled_energy_day started.
2024-11-25 11:10:23 - INFO - Inserting record into EnergyDay
2024-11-25 11:10:23 - INFO - scheduled_energy_day end
2024-11-25 11:14:14 - INFO - Scheduler started.
2024-11-25 11:14:15 - INFO - scheduled_energy_summary started.
2024-11-25 11:14:15 - INFO - scheduled_energy_summary end
2024-11-25 11:14:16 - INFO - scheduled_energy_summary started.
2024-11-25 11:14:16 - INFO - scheduled_energy_summary end
2024-11-25 11:15:14 - INFO - Scheduler started.
2024-11-25 11:15:15 - INFO - scheduled_energy_summary started.
2024-11-25 11:15:15 - INFO - scheduled_energy_summary end
2024-11-25 11:15:16 - INFO - scheduled_energy_summary started.
2024-11-25 11:15:16 - INFO - scheduled_energy_summary end
2024-11-25 11:15:17 - INFO - scheduled_energy_summary started.
2024-11-25 11:15:17 - INFO - scheduled_energy_summary end
2024-11-25 11:17:07 - INFO - Scheduler started.
2024-11-25 11:17:08 - INFO - scheduled_energy_summary started.
2024-11-25 11:17:08 - INFO - scheduled_energy_summary end
2024-11-25 11:17:09 - INFO - scheduled_energy_summary started.
2024-11-25 11:17:09 - INFO - scheduled_energy_summary end
2024-11-25 11:17:10 - INFO - scheduled_energy_summary started.
2024-11-25 11:17:10 - INFO - scheduled_energy_summary end
2024-11-25 11:18:07 - INFO - Scheduler started.
2024-11-25 11:18:08 - INFO - scheduled_energy_summary started.
2024-11-25 11:18:08 - INFO - scheduled_energy_summary end
2024-11-25 11:18:09 - INFO - scheduled_energy_summary started.
2024-11-25 11:18:09 - INFO - scheduled_energy_summary end
2024-11-25 11:18:10 - INFO - scheduled_energy_summary started.
2024-11-25 11:18:10 - INFO - scheduled_energy_summary end
2024-11-25 11:18:11 - INFO - scheduled_energy_summary started.
2024-11-25 11:18:11 - INFO - scheduled_energy_summary end
2024-11-25 11:18:12 - INFO - scheduled_energy_summary started.
2024-11-25 11:18:12 - INFO - scheduled_energy_summary end
2024-11-25 11:18:38 - INFO - Scheduler started.
2024-11-25 11:18:39 - INFO - scheduled_energy_summary started.
2024-11-25 11:18:40 - INFO - scheduled_energy_summary end
2024-11-25 11:18:41 - INFO - scheduled_energy_summary started.
2024-11-25 11:18:41 - INFO - scheduled_energy_summary end
2024-11-25 11:18:42 - INFO - scheduled_energy_summary started.
2024-11-25 11:18:42 - INFO - scheduled_energy_summary end
2024-11-25 11:20:04 - INFO - Scheduler started.
2024-11-25 11:20:05 - INFO - scheduled_energy_summary started.
2024-11-25 11:20:05 - INFO - scheduled_energy_summary end
2024-11-25 11:20:06 - INFO - scheduled_energy_summary started.
2024-11-25 11:20:06 - INFO - scheduled_energy_summary end
2024-11-25 11:22:09 - INFO - Scheduler started.
2024-11-25 11:22:10 - INFO - scheduled_energy_summary started.
2024-11-25 11:22:11 - INFO - scheduled_energy_summary end
2024-11-25 11:22:12 - INFO - scheduled_energy_summary started.
2024-11-25 11:22:12 - INFO - scheduled_energy_summary end
2024-11-25 11:22:13 - INFO - scheduled_energy_summary started.
2024-11-25 11:22:13 - INFO - scheduled_energy_summary end
2024-11-25 11:22:14 - INFO - scheduled_energy_summary started.
2024-11-25 11:22:14 - INFO - scheduled_energy_summary end
2024-11-25 11:22:15 - INFO - scheduled_energy_summary started.
2024-11-25 11:22:15 - INFO - scheduled_energy_summary end
2024-11-25 11:22:16 - INFO - scheduled_energy_summary started.
2024-11-25 11:22:16 - INFO - scheduled_energy_summary end
2024-11-25 11:24:08 - INFO - Scheduler started.
2024-11-25 11:24:09 - INFO - scheduled_energy_summary started.
2024-11-25 11:24:10 - INFO - Inserting record into EnergySummary
2024-11-25 11:24:10 - INFO - scheduled_energy_summary end
2024-11-25 11:24:11 - INFO - scheduled_energy_summary started.
2024-11-25 11:24:11 - INFO - Inserting record into EnergySummary
2024-11-25 11:24:11 - INFO - scheduled_energy_summary end
2024-11-25 11:27:15 - INFO - Scheduler started.
2024-11-25 11:27:16 - INFO - scheduled_equipment started.
2024-11-25 11:27:16 - INFO - Inserting into the equipment table
2024-11-25 11:27:16 - INFO - scheduled_equipment end
2024-11-25 11:28:31 - INFO - Scheduler started.
2024-11-25 11:29:31 - INFO - scheduled_equipment started.
2024-11-25 11:29:32 - INFO - Inserting into the equipment table
2024-11-25 11:29:32 - INFO - scheduled_equipment end
2024-11-25 11:29:32 - INFO - scheduled_energy_summary started.
2024-11-25 11:29:32 - INFO - Inserting record into EnergySummary
2024-11-25 11:29:32 - INFO - scheduled_energy_summary end
2024-11-25 11:30:32 - INFO - scheduled_equipment started.
2024-11-25 11:30:32 - INFO - Inserting into the equipment table
2024-11-25 11:30:32 - INFO - scheduled_equipment end
2024-11-25 11:30:32 - INFO - scheduled_energy_summary started.
2024-11-25 11:30:33 - INFO - Inserting record into EnergySummary
2024-11-25 11:30:33 - INFO - scheduled_energy_summary end
2024-11-25 11:31:33 - INFO - scheduled_equipment started.
2024-11-25 11:31:33 - INFO - Inserting into the equipment table
2024-11-25 11:31:33 - INFO - scheduled_equipment end
2024-11-25 11:31:33 - INFO - scheduled_energy_summary started.
2024-11-25 11:31:33 - INFO - Inserting record into EnergySummary
2024-11-25 11:31:33 - INFO - scheduled_energy_summary end
